{"/Users/hutao/Desktop/my/github/web-library/Vue/vue-study/src/hrouter.js": {"path":"/Users/hutao/Desktop/my/github/web-library/Vue/vue-study/src/hrouter.js","statementMap":{"0":{"start":{"line":1,"column":0},"end":{"line":null,"column":-1}},"1":{"start":{"line":2,"column":0},"end":{"line":null,"column":-1}},"2":{"start":{"line":3,"column":0},"end":{"line":null,"column":-1}},"3":{"start":{"line":6,"column":23},"end":{"line":null,"column":-1}},"4":{"start":{"line":28,"column":4},"end":{"line":null,"column":-1}},"5":{"start":{"line":7,"column":4},"end":{"line":null,"column":-1}},"6":{"start":{"line":8,"column":4},"end":{"line":null,"column":-1}},"7":{"start":{"line":10,"column":4},"end":{"line":null,"column":-1}},"8":{"start":{"line":17,"column":4},"end":{"line":16,"column":9}},"9":{"start":{"line":18,"column":4},"end":{"line":16,"column":9}},"10":{"start":{"line":19,"column":4},"end":{"line":16,"column":9}},"11":{"start":{"line":23,"column":4},"end":{"line":null,"column":-1}},"12":{"start":{"line":24,"column":4},"end":{"line":null,"column":-1}},"13":{"start":{"line":32,"column":4},"end":{"line":null,"column":-1}},"14":{"start":{"line":33,"column":6},"end":{"line":null,"column":-1}},"15":{"start":{"line":39,"column":4},"end":{"line":37,"column":19}},"16":{"start":{"line":44,"column":8},"end":{"line":null,"column":-1}},"17":{"start":{"line":57,"column":4},"end":{"line":null,"column":-1}},"18":{"start":{"line":59,"column":21},"end":{"line":59,"column":8}},"19":{"start":{"line":60,"column":8},"end":{"line":null,"column":-1}},"20":{"start":{"line":66,"column":0},"end":{"line":null,"column":-1}},"21":{"start":{"line":68,"column":2},"end":{"line":null,"column":-1}},"22":{"start":{"line":71,"column":6},"end":{"line":75,"column":7}},"23":{"start":{"line":73,"column":8},"end":{"line":null,"column":-1}},"24":{"start":{"line":74,"column":8},"end":{"line":null,"column":-1}},"25":{"start":{"line":80,"column":0},"end":{"line":null,"column":-1}}},"fnMap":{"0":{"name":"(anonymous_0)","decl":{"start":{"line":6,"column":2},"end":{"line":6,"column":12}},"loc":{"start":{"line":6,"column":23},"end":{"line":15,"column":3}}},"1":{"name":"(anonymous_1)","decl":{"start":{"line":27,"column":17},"end":{"line":27,"column":22}},"loc":{"start":{"line":27,"column":23},"end":{"line":6,"column":23}}},"2":{"name":"(anonymous_2)","decl":{"start":{"line":16,"column":2},"end":{"line":16,"column":5}},"loc":{"start":{"line":16,"column":9},"end":{"line":20,"column":3}}},"3":{"name":"(anonymous_3)","decl":{"start":{"line":22,"column":2},"end":{"line":22,"column":11}},"loc":{"start":{"line":22,"column":15},"end":{"line":25,"column":3}}},"4":{"name":"(anonymous_4)","decl":{"start":{"line":31,"column":2},"end":{"line":31,"column":15}},"loc":{"start":{"line":31,"column":26},"end":{"line":35,"column":3}}},"5":{"name":"(anonymous_5)","decl":{"start":{"line":32,"column":27},"end":{"line":32,"column":30}},"loc":{"start":{"line":32,"column":35},"end":{"line":32,"column":4}}},"6":{"name":"(anonymous_6)","decl":{"start":{"line":37,"column":2},"end":{"line":37,"column":15}},"loc":{"start":{"line":37,"column":19},"end":{"line":63,"column":3}}},"7":{"name":"(anonymous_7)","decl":{"start":{"line":58,"column":14},"end":{"line":58,"column":15}},"loc":{"start":{"line":58,"column":19},"end":{"line":61,"column":7}}},"8":{"name":"(anonymous_8)","decl":{"start":{"line":66,"column":20},"end":{"line":66,"column":28}},"loc":{"start":{"line":66,"column":35},"end":{"line":66,"column":0}}}},"branchMap":{"0":{"loc":{"start":{"line":28,"column":23},"end":{"line":28,"column":55}},"type":"binary-expr","locations":[{"start":{"line":28,"column":23},"end":{"line":28,"column":55}},{"start":{"line":28,"column":56},"end":{"line":28,"column":4}}]},"1":{"loc":{"start":{"line":71,"column":6},"end":{"line":75,"column":7}},"type":"if","locations":[{"start":{"line":71,"column":6},"end":{"line":75,"column":7}},{"start":{"line":71,"column":6},"end":{"line":75,"column":7}}]}},"s":{"0":0,"1":0,"2":0,"3":0,"4":0,"5":0,"6":0,"7":0,"8":0,"9":0,"10":0,"11":0,"12":0,"13":0,"14":0,"15":0,"16":0,"17":0,"18":0,"19":0,"20":0,"21":0,"22":0,"23":0,"24":0,"25":0},"f":{"0":0,"1":0,"2":0,"3":0,"4":0,"5":0,"6":0,"7":0,"8":0},"b":{"0":[0,0],"1":[0,0]}}
,"/Users/hutao/Desktop/my/github/web-library/Vue/vue-study/src/hstore.js": {"path":"/Users/hutao/Desktop/my/github/web-library/Vue/vue-study/src/hstore.js","statementMap":{"0":{"start":{"line":1,"column":0},"end":{"line":null,"column":-1}},"1":{"start":{"line":2,"column":0},"end":{"line":null,"column":-1}},"2":{"start":{"line":4,"column":0},"end":{"line":null,"column":-1}},"3":{"start":{"line":12,"column":6},"end":{"line":null,"column":-1}},"4":{"start":{"line":17,"column":6},"end":{"line":null,"column":-1}},"5":{"start":{"line":22,"column":6},"end":{"line":null,"column":-1}},"6":{"start":{"line":23,"column":8},"end":{"line":null,"column":-1}}},"fnMap":{"0":{"name":"(anonymous_0)","decl":{"start":{"line":22,"column":17},"end":{"line":22,"column":22}},"loc":{"start":{"line":22,"column":23},"end":{"line":22,"column":16}}}},"branchMap":{"0":{"loc":{"start":{"line":11,"column":25},"end":{"line":11,"column":13}},"type":"default-arg","locations":[{"start":{"line":11,"column":25},"end":{"line":11,"column":13}}]}},"s":{"0":0,"1":0,"2":0,"3":0,"4":0,"5":0,"6":0},"f":{"0":0},"b":{"0":[0]}}
,"/Users/hutao/Desktop/my/github/web-library/Vue/vue-study/src/hvuex.js": {"path":"/Users/hutao/Desktop/my/github/web-library/Vue/vue-study/src/hvuex.js","statementMap":{"0":{"start":{"line":4,"column":23},"end":{"line":null,"column":-1}},"1":{"start":{"line":15,"column":4},"end":{"line":null,"column":-1}},"2":{"start":{"line":19,"column":4},"end":{"line":null,"column":-1}},"3":{"start":{"line":5,"column":4},"end":{"line":null,"column":-1}},"4":{"start":{"line":9,"column":4},"end":{"line":null,"column":-1}},"5":{"start":{"line":10,"column":4},"end":{"line":null,"column":-1}},"6":{"start":{"line":11,"column":4},"end":{"line":null,"column":-1}},"7":{"start":{"line":29,"column":4},"end":{"line":null,"column":-1}},"8":{"start":{"line":30,"column":4},"end":{"line":null,"column":-1}},"9":{"start":{"line":31,"column":6},"end":{"line":null,"column":-1}},"10":{"start":{"line":33,"column":10},"end":{"line":null,"column":-1}},"11":{"start":{"line":41,"column":2},"end":{"line":null,"column":-1}},"12":{"start":{"line":42,"column":2},"end":{"line":null,"column":-1}},"13":{"start":{"line":44,"column":6},"end":{"line":46,"column":7}},"14":{"start":{"line":45,"column":8},"end":{"line":null,"column":-1}}},"fnMap":{"0":{"name":"(anonymous_0)","decl":{"start":{"line":4,"column":2},"end":{"line":4,"column":12}},"loc":{"start":{"line":4,"column":23},"end":{"line":12,"column":3}}},"1":{"name":"(anonymous_1)","decl":{"start":{"line":14,"column":11},"end":{"line":14,"column":12}},"loc":{"start":{"line":14,"column":27},"end":{"line":4,"column":23}}},"2":{"name":"(anonymous_2)","decl":{"start":{"line":18,"column":13},"end":{"line":18,"column":14}},"loc":{"start":{"line":18,"column":29},"end":{"line":4,"column":23}}},"3":{"name":"(anonymous_3)","decl":{"start":{"line":28,"column":2},"end":{"line":28,"column":14}},"loc":{"start":{"line":28,"column":25},"end":{"line":37,"column":3}}},"4":{"name":"(anonymous_4)","decl":{"start":{"line":30,"column":33},"end":{"line":30,"column":35}},"loc":{"start":{"line":30,"column":40},"end":{"line":30,"column":4}}},"5":{"name":"(anonymous_5)","decl":{"start":{"line":32,"column":13},"end":{"line":32,"column":18}},"loc":{"start":{"line":32,"column":19},"end":{"line":34,"column":9}}},"6":{"name":"install","decl":{"start":{"line":40,"column":9},"end":{"line":40,"column":0}},"loc":{"start":{"line":40,"column":23},"end":{"line":49,"column":1}}}},"branchMap":{"0":{"loc":{"start":{"line":11,"column":4},"end":{"line":11,"column":3}},"type":"binary-expr","locations":[{"start":{"line":11,"column":4},"end":{"line":11,"column":3}},{"start":{"line":11,"column":23},"end":{"line":11,"column":4}}]},"1":{"loc":{"start":{"line":44,"column":6},"end":{"line":46,"column":7}},"type":"if","locations":[{"start":{"line":44,"column":6},"end":{"line":46,"column":7}},{"start":{"line":44,"column":6},"end":{"line":46,"column":7}}]}},"s":{"0":0,"1":0,"2":0,"3":0,"4":0,"5":0,"6":0,"7":0,"8":0,"9":0,"10":0,"11":0,"12":0,"13":0,"14":0},"f":{"0":0,"1":0,"2":0,"3":0,"4":0,"5":0,"6":0},"b":{"0":[0,0],"1":[0,0]}}
,"/Users/hutao/Desktop/my/github/web-library/Vue/vue-study/src/main.js": {"path":"/Users/hutao/Desktop/my/github/web-library/Vue/vue-study/src/main.js","statementMap":{"0":{"start":{"line":1,"column":0},"end":{"line":null,"column":-1}},"1":{"start":{"line":2,"column":0},"end":{"line":null,"column":-1}},"2":{"start":{"line":4,"column":0},"end":{"line":null,"column":-1}},"3":{"start":{"line":5,"column":0},"end":{"line":null,"column":-1}},"4":{"start":{"line":6,"column":0},"end":{"line":null,"column":-1}},"5":{"start":{"line":11,"column":0},"end":{"line":null,"column":-1}},"6":{"start":{"line":15,"column":0},"end":{"line":null,"column":-1}},"7":{"start":{"line":18,"column":0},"end":{"line":null,"column":-1}},"8":{"start":{"line":21,"column":0},"end":{"line":null,"column":-1}},"9":{"start":{"line":22,"column":0},"end":{"line":null,"column":-1}},"10":{"start":{"line":75,"column":0},"end":{"line":null,"column":-1}},"11":{"start":{"line":78,"column":15},"end":{"line":78,"column":16}}},"fnMap":{"0":{"name":"(anonymous_0)","decl":{"start":{"line":78,"column":10},"end":{"line":78,"column":11}},"loc":{"start":{"line":78,"column":15},"end":{"line":78,"column":16}}}},"branchMap":{},"s":{"0":0,"1":0,"2":0,"3":0,"4":0,"5":0,"6":0,"7":0,"8":0,"9":0,"10":0,"11":0},"f":{"0":0},"b":{}}
,"/Users/hutao/Desktop/my/github/web-library/Vue/vue-study/src/permission.js": {"path":"/Users/hutao/Desktop/my/github/web-library/Vue/vue-study/src/permission.js","statementMap":{"0":{"start":{"line":1,"column":0},"end":{"line":null,"column":-1}},"1":{"start":{"line":2,"column":0},"end":{"line":null,"column":-1}},"2":{"start":{"line":3,"column":0},"end":{"line":null,"column":-1}},"3":{"start":{"line":4,"column":0},"end":{"line":null,"column":-1}},"4":{"start":{"line":6,"column":18},"end":{"line":6,"column":0}},"5":{"start":{"line":8,"column":0},"end":{"line":null,"column":-1}},"6":{"start":{"line":10,"column":19},"end":{"line":10,"column":2}},"7":{"start":{"line":12,"column":2},"end":{"line":52,"column":3}},"8":{"start":{"line":13,"column":4},"end":{"line":42,"column":5}},"9":{"start":{"line":15,"column":6},"end":{"line":null,"column":-1}},"10":{"start":{"line":18,"column":23},"end":{"line":18,"column":6}},"11":{"start":{"line":19,"column":6},"end":{"line":41,"column":7}},"12":{"start":{"line":20,"column":8},"end":{"line":19,"column":20}},"13":{"start":{"line":22,"column":8},"end":{"line":40,"column":9}},"14":{"start":{"line":24,"column":28},"end":{"line":24,"column":10}},"15":{"start":{"line":26,"column":31},"end":{"line":26,"column":10}},"16":{"start":{"line":31,"column":10},"end":{"line":22,"column":12}},"17":{"start":{"line":34,"column":10},"end":{"line":null,"column":-1}},"18":{"start":{"line":37,"column":10},"end":{"line":null,"column":-1}},"19":{"start":{"line":38,"column":10},"end":{"line":null,"column":-1}},"20":{"start":{"line":39,"column":10},"end":{"line":null,"column":-1}},"21":{"start":{"line":45,"column":4},"end":{"line":51,"column":5}},"22":{"start":{"line":47,"column":6},"end":{"line":47,"column":10}},"23":{"start":{"line":50,"column":6},"end":{"line":null,"column":-1}}},"fnMap":{"0":{"name":"(anonymous_0)","decl":{"start":{"line":8,"column":18},"end":{"line":8,"column":24}},"loc":{"start":{"line":8,"column":44},"end":{"line":8,"column":0}}}},"branchMap":{"0":{"loc":{"start":{"line":12,"column":2},"end":{"line":52,"column":3}},"type":"if","locations":[{"start":{"line":12,"column":2},"end":{"line":52,"column":3}},{"start":{"line":12,"column":2},"end":{"line":52,"column":3}}]},"1":{"loc":{"start":{"line":13,"column":4},"end":{"line":42,"column":5}},"type":"if","locations":[{"start":{"line":13,"column":4},"end":{"line":42,"column":5}},{"start":{"line":13,"column":4},"end":{"line":42,"column":5}}]},"2":{"loc":{"start":{"line":18,"column":23},"end":{"line":18,"column":22}},"type":"binary-expr","locations":[{"start":{"line":18,"column":23},"end":{"line":18,"column":22}},{"start":{"line":18,"column":46},"end":{"line":18,"column":6}}]},"3":{"loc":{"start":{"line":19,"column":6},"end":{"line":41,"column":7}},"type":"if","locations":[{"start":{"line":19,"column":6},"end":{"line":41,"column":7}},{"start":{"line":19,"column":6},"end":{"line":41,"column":7}}]},"4":{"loc":{"start":{"line":38,"column":24},"end":{"line":38,"column":29}},"type":"binary-expr","locations":[{"start":{"line":38,"column":24},"end":{"line":38,"column":29}},{"start":{"line":38,"column":33},"end":{"line":38,"column":10}}]},"5":{"loc":{"start":{"line":45,"column":4},"end":{"line":51,"column":5}},"type":"if","locations":[{"start":{"line":45,"column":4},"end":{"line":51,"column":5}},{"start":{"line":45,"column":4},"end":{"line":51,"column":5}}]}},"s":{"0":0,"1":0,"2":0,"3":0,"4":0,"5":0,"6":0,"7":0,"8":0,"9":0,"10":0,"11":0,"12":0,"13":0,"14":0,"15":0,"16":0,"17":0,"18":0,"19":0,"20":0,"21":0,"22":0,"23":0},"f":{"0":0},"b":{"0":[0,0],"1":[0,0],"2":[0,0],"3":[0,0],"4":[0,0],"5":[0,0]}}
,"/Users/hutao/Desktop/my/github/web-library/Vue/vue-study/src/api/user.js": {"path":"/Users/hutao/Desktop/my/github/web-library/Vue/vue-study/src/api/user.js","statementMap":{"0":{"start":{"line":1,"column":0},"end":{"line":null,"column":-1}},"1":{"start":{"line":4,"column":2},"end":{"line":null,"column":-1}},"2":{"start":{"line":12,"column":2},"end":{"line":null,"column":-1}}},"fnMap":{"0":{"name":"login","decl":{"start":{"line":3,"column":16},"end":{"line":3,"column":7}},"loc":{"start":{"line":3,"column":28},"end":{"line":9,"column":1}}},"1":{"name":"getInfo","decl":{"start":{"line":11,"column":16},"end":{"line":11,"column":7}},"loc":{"start":{"line":11,"column":26},"end":{"line":16,"column":1}}}},"branchMap":{},"s":{"0":0,"1":0,"2":0},"f":{"0":0,"1":0},"b":{}}
,"/Users/hutao/Desktop/my/github/web-library/Vue/vue-study/src/components/Breadcrumb.vue": {"path":"/Users/hutao/Desktop/my/github/web-library/Vue/vue-study/src/components/Breadcrumb.vue","statementMap":{"0":{"start":{"line":15,"column":0},"end":{"line":null,"column":-1}},"1":{"start":{"line":18,"column":0},"end":{"line":null,"column":-1}},"2":{"start":{"line":25,"column":0},"end":{"line":null,"column":-1}},"3":{"start":{"line":35,"column":0},"end":{"line":null,"column":-1}},"4":{"start":{"line":39,"column":0},"end":{"line":null,"column":-1}},"5":{"start":{"line":41,"column":0},"end":{"line":45,"column":0}},"6":{"start":{"line":42,"column":0},"end":{"line":43,"column":0}},"7":{"start":{"line":46,"column":0},"end":{"line":null,"column":-1}},"8":{"start":{"line":49,"column":0},"end":{"line":null,"column":-1}},"9":{"start":{"line":50,"column":0},"end":{"line":52,"column":0}},"10":{"start":{"line":51,"column":0},"end":{"line":null,"column":-1}},"11":{"start":{"line":53,"column":0},"end":{"line":null,"column":-1}},"12":{"start":{"line":56,"column":0},"end":{"line":null,"column":-1}},"13":{"start":{"line":57,"column":0},"end":{"line":null,"column":-1}},"14":{"start":{"line":58,"column":0},"end":{"line":null,"column":-1}},"15":{"start":{"line":61,"column":0},"end":{"line":null,"column":-1}},"16":{"start":{"line":62,"column":0},"end":{"line":65,"column":0}},"17":{"start":{"line":63,"column":0},"end":{"line":null,"column":-1}},"18":{"start":{"line":64,"column":0},"end":{"line":null,"column":-1}},"19":{"start":{"line":66,"column":0},"end":{"line":null,"column":-1}}},"fnMap":{"0":{"name":"(anonymous_1)","decl":{"start":{"line":35,"column":0},"end":{"line":null,"column":-1}},"loc":{"start":{"line":35,"column":0},"end":{"line":null,"column":-1}}}},"branchMap":{"0":{"loc":{"start":{"line":35,"column":0},"end":{"line":null,"column":-1}},"type":"binary-expr","locations":[{"start":{"line":35,"column":0},"end":{"line":null,"column":-1}},{"start":{"line":35,"column":0},"end":{"line":null,"column":-1}},{"start":{"line":35,"column":0},"end":{"line":null,"column":-1}}]},"1":{"loc":{"start":{"line":41,"column":0},"end":{"line":45,"column":0}},"type":"if","locations":[{"start":{"line":41,"column":0},"end":{"line":45,"column":0}},{"start":{"line":41,"column":0},"end":{"line":45,"column":0}}]},"2":{"loc":{"start":{"line":49,"column":0},"end":{"line":null,"column":-1}},"type":"binary-expr","locations":[{"start":{"line":49,"column":0},"end":{"line":null,"column":-1}},{"start":{"line":49,"column":0},"end":{"line":null,"column":-1}}]},"3":{"loc":{"start":{"line":50,"column":0},"end":{"line":52,"column":0}},"type":"if","locations":[{"start":{"line":50,"column":0},"end":{"line":52,"column":0}},{"start":{"line":50,"column":0},"end":{"line":52,"column":0}}]},"4":{"loc":{"start":{"line":62,"column":0},"end":{"line":65,"column":0}},"type":"if","locations":[{"start":{"line":62,"column":0},"end":{"line":65,"column":0}},{"start":{"line":62,"column":0},"end":{"line":65,"column":0}}]}},"s":{"0":0,"1":0,"2":0,"3":0,"4":0,"5":0,"6":0,"7":0,"8":0,"9":0,"10":0,"11":0,"12":0,"13":0,"14":0,"15":0,"16":0,"17":0,"18":0,"19":0},"f":{"0":0},"b":{"0":[0,0,0],"1":[0,0],"2":[0,0],"3":[0,0],"4":[0,0]}}
,"/Users/hutao/Desktop/my/github/web-library/Vue/vue-study/src/components/TestComp.vue": {"path":"/Users/hutao/Desktop/my/github/web-library/Vue/vue-study/src/components/TestComp.vue","statementMap":{"0":{"start":{"line":10,"column":0},"end":{"line":null,"column":-1}},"1":{"start":{"line":15,"column":0},"end":{"line":null,"column":-1}},"2":{"start":{"line":19,"column":0},"end":{"line":null,"column":-1}}},"fnMap":{},"branchMap":{},"s":{"0":3,"1":2,"2":1},"f":{},"b":{}}
,"/Users/hutao/Desktop/my/github/web-library/Vue/vue-study/src/components/communicate/Child1.vue": {"path":"/Users/hutao/Desktop/my/github/web-library/Vue/vue-study/src/components/communicate/Child1.vue","statementMap":{"0":{"start":{"line":13,"column":0},"end":{"line":null,"column":-1}},"1":{"start":{"line":14,"column":0},"end":{"line":null,"column":-1}},"2":{"start":{"line":20,"column":0},"end":{"line":null,"column":-1}},"3":{"start":{"line":30,"column":0},"end":{"line":null,"column":-1}},"4":{"start":{"line":34,"column":0},"end":{"line":36,"column":0}},"5":{"start":{"line":35,"column":0},"end":{"line":null,"column":-1}},"6":{"start":{"line":37,"column":0},"end":{"line":39,"column":0}},"7":{"start":{"line":38,"column":0},"end":{"line":null,"column":-1}}},"fnMap":{"0":{"name":"(anonymous_1)","decl":{"start":{"line":34,"column":0},"end":{"line":null,"column":-1}},"loc":{"start":{"line":34,"column":0},"end":{"line":36,"column":0}}},"1":{"name":"(anonymous_2)","decl":{"start":{"line":37,"column":0},"end":{"line":null,"column":-1}},"loc":{"start":{"line":37,"column":0},"end":{"line":39,"column":0}}}},"branchMap":{},"s":{"0":0,"1":0,"2":0,"3":0,"4":0,"5":0,"6":0,"7":0},"f":{"0":0,"1":0},"b":{}}
,"/Users/hutao/Desktop/my/github/web-library/Vue/vue-study/src/components/communicate/Child2.vue": {"path":"/Users/hutao/Desktop/my/github/web-library/Vue/vue-study/src/components/communicate/Child2.vue","statementMap":{"0":{"start":{"line":10,"column":0},"end":{"line":null,"column":-1}},"1":{"start":{"line":16,"column":0},"end":{"line":null,"column":-1}},"2":{"start":{"line":25,"column":0},"end":{"line":null,"column":-1}},"3":{"start":{"line":29,"column":0},"end":{"line":31,"column":0}},"4":{"start":{"line":30,"column":0},"end":{"line":null,"column":-1}}},"fnMap":{"0":{"name":"(anonymous_1)","decl":{"start":{"line":29,"column":0},"end":{"line":null,"column":-1}},"loc":{"start":{"line":29,"column":0},"end":{"line":31,"column":0}}}},"branchMap":{},"s":{"0":0,"1":0,"2":0,"3":0,"4":0},"f":{"0":0},"b":{}}
,"/Users/hutao/Desktop/my/github/web-library/Vue/vue-study/src/components/communicate/GrandChild1.vue": {"path":"/Users/hutao/Desktop/my/github/web-library/Vue/vue-study/src/components/communicate/GrandChild1.vue","statementMap":{"0":{"start":{"line":13,"column":0},"end":{"line":null,"column":-1}},"1":{"start":{"line":19,"column":0},"end":{"line":21,"column":0}},"2":{"start":{"line":20,"column":0},"end":{"line":null,"column":-1}},"3":{"start":{"line":22,"column":0},"end":{"line":24,"column":0}},"4":{"start":{"line":23,"column":0},"end":{"line":null,"column":-1}},"5":{"start":{"line":25,"column":0},"end":{"line":27,"column":0}},"6":{"start":{"line":26,"column":0},"end":{"line":null,"column":-1}}},"fnMap":{"0":{"name":"(anonymous_1)","decl":{"start":{"line":19,"column":0},"end":{"line":null,"column":-1}},"loc":{"start":{"line":19,"column":0},"end":{"line":21,"column":0}}},"1":{"name":"(anonymous_2)","decl":{"start":{"line":22,"column":0},"end":{"line":null,"column":-1}},"loc":{"start":{"line":22,"column":0},"end":{"line":24,"column":0}}},"2":{"name":"(anonymous_3)","decl":{"start":{"line":25,"column":0},"end":{"line":null,"column":-1}},"loc":{"start":{"line":25,"column":0},"end":{"line":27,"column":0}}}},"branchMap":{},"s":{"0":0,"1":0,"2":0,"3":0,"4":0,"5":0,"6":0},"f":{"0":0,"1":0,"2":0},"b":{}}
,"/Users/hutao/Desktop/my/github/web-library/Vue/vue-study/src/components/communicate/GrandChild2.vue": {"path":"/Users/hutao/Desktop/my/github/web-library/Vue/vue-study/src/components/communicate/GrandChild2.vue","statementMap":{"0":{"start":{"line":15,"column":0},"end":{"line":null,"column":-1}},"1":{"start":{"line":23,"column":0},"end":{"line":null,"column":-1}},"2":{"start":{"line":29,"column":0},"end":{"line":null,"column":-1}},"3":{"start":{"line":34,"column":0},"end":{"line":36,"column":0}},"4":{"start":{"line":35,"column":0},"end":{"line":null,"column":-1}},"5":{"start":{"line":37,"column":0},"end":{"line":39,"column":0}},"6":{"start":{"line":38,"column":0},"end":{"line":null,"column":-1}}},"fnMap":{"0":{"name":"(anonymous_1)","decl":{"start":{"line":34,"column":0},"end":{"line":null,"column":-1}},"loc":{"start":{"line":34,"column":0},"end":{"line":36,"column":0}}},"1":{"name":"(anonymous_2)","decl":{"start":{"line":37,"column":0},"end":{"line":null,"column":-1}},"loc":{"start":{"line":37,"column":0},"end":{"line":39,"column":0}}}},"branchMap":{},"s":{"0":0,"1":0,"2":0,"3":0,"4":0,"5":0,"6":0},"f":{"0":0,"1":0},"b":{}}
,"/Users/hutao/Desktop/my/github/web-library/Vue/vue-study/src/components/communicate/GrandGrandChild1.vue": {"path":"/Users/hutao/Desktop/my/github/web-library/Vue/vue-study/src/components/communicate/GrandGrandChild1.vue","statementMap":{"0":{"start":{"line":15,"column":0},"end":{"line":null,"column":-1}},"1":{"start":{"line":20,"column":0},"end":{"line":22,"column":0}},"2":{"start":{"line":21,"column":0},"end":{"line":null,"column":-1}},"3":{"start":{"line":23,"column":0},"end":{"line":25,"column":0}},"4":{"start":{"line":24,"column":0},"end":{"line":null,"column":-1}}},"fnMap":{"0":{"name":"(anonymous_1)","decl":{"start":{"line":20,"column":0},"end":{"line":null,"column":-1}},"loc":{"start":{"line":20,"column":0},"end":{"line":22,"column":0}}},"1":{"name":"(anonymous_2)","decl":{"start":{"line":23,"column":0},"end":{"line":null,"column":-1}},"loc":{"start":{"line":23,"column":0},"end":{"line":25,"column":0}}}},"branchMap":{},"s":{"0":0,"1":0,"2":0,"3":0,"4":0},"f":{"0":0,"1":0},"b":{}}
,"/Users/hutao/Desktop/my/github/web-library/Vue/vue-study/src/components/communicate/index.vue": {"path":"/Users/hutao/Desktop/my/github/web-library/Vue/vue-study/src/components/communicate/index.vue","statementMap":{"0":{"start":{"line":11,"column":0},"end":{"line":null,"column":-1}},"1":{"start":{"line":12,"column":0},"end":{"line":null,"column":-1}},"2":{"start":{"line":19,"column":0},"end":{"line":null,"column":-1}},"3":{"start":{"line":26,"column":0},"end":{"line":null,"column":-1}},"4":{"start":{"line":31,"column":0},"end":{"line":33,"column":0}},"5":{"start":{"line":32,"column":0},"end":{"line":null,"column":-1}},"6":{"start":{"line":34,"column":0},"end":{"line":36,"column":0}},"7":{"start":{"line":35,"column":0},"end":{"line":null,"column":-1}}},"fnMap":{"0":{"name":"(anonymous_1)","decl":{"start":{"line":31,"column":0},"end":{"line":null,"column":-1}},"loc":{"start":{"line":31,"column":0},"end":{"line":33,"column":0}}},"1":{"name":"(anonymous_2)","decl":{"start":{"line":34,"column":0},"end":{"line":null,"column":-1}},"loc":{"start":{"line":34,"column":0},"end":{"line":36,"column":0}}}},"branchMap":{},"s":{"0":0,"1":0,"2":0,"3":0,"4":0,"5":0,"6":0,"7":0},"f":{"0":0,"1":0},"b":{}}
,"/Users/hutao/Desktop/my/github/web-library/Vue/vue-study/src/components/form/Form.vue": {"path":"/Users/hutao/Desktop/my/github/web-library/Vue/vue-study/src/components/form/Form.vue","statementMap":{"0":{"start":{"line":10,"column":0},"end":{"line":null,"column":-1}},"1":{"start":{"line":25,"column":0},"end":{"line":null,"column":-1}},"2":{"start":{"line":30,"column":0},"end":{"line":null,"column":-1}}},"fnMap":{"0":{"name":"(anonymous_1)","decl":{"start":{"line":25,"column":0},"end":{"line":null,"column":-1}},"loc":{"start":{"line":25,"column":0},"end":{"line":null,"column":-1}}},"1":{"name":"(anonymous_3)","decl":{"start":{"line":30,"column":0},"end":{"line":null,"column":-1}},"loc":{"start":{"line":30,"column":0},"end":{"line":null,"column":-1}}}},"branchMap":{},"s":{"0":0,"1":0,"2":0},"f":{"0":0,"1":0},"b":{}}
,"/Users/hutao/Desktop/my/github/web-library/Vue/vue-study/src/components/form/FormItem.vue": {"path":"/Users/hutao/Desktop/my/github/web-library/Vue/vue-study/src/components/form/FormItem.vue","statementMap":{"0":{"start":{"line":10,"column":0},"end":{"line":null,"column":-1}},"1":{"start":{"line":23,"column":0},"end":{"line":null,"column":-1}},"2":{"start":{"line":28,"column":0},"end":{"line":30,"column":0}},"3":{"start":{"line":29,"column":0},"end":{"line":null,"column":-1}},"4":{"start":{"line":35,"column":0},"end":{"line":null,"column":-1}},"5":{"start":{"line":36,"column":0},"end":{"line":null,"column":-1}},"6":{"start":{"line":38,"column":0},"end":{"line":null,"column":-1}},"7":{"start":{"line":39,"column":0},"end":{"line":null,"column":-1}},"8":{"start":{"line":42,"column":0},"end":{"line":48,"column":0}},"9":{"start":{"line":43,"column":0},"end":{"line":47,"column":0}},"10":{"start":{"line":44,"column":0},"end":{"line":null,"column":-1}},"11":{"start":{"line":46,"column":0},"end":{"line":null,"column":-1}}},"fnMap":{"0":{"name":"(anonymous_1)","decl":{"start":{"line":28,"column":0},"end":{"line":null,"column":-1}},"loc":{"start":{"line":28,"column":0},"end":{"line":30,"column":0}}},"1":{"name":"(anonymous_2)","decl":{"start":{"line":42,"column":0},"end":{"line":null,"column":-1}},"loc":{"start":{"line":42,"column":0},"end":{"line":48,"column":0}}}},"branchMap":{"0":{"loc":{"start":{"line":43,"column":0},"end":{"line":47,"column":0}},"type":"if","locations":[{"start":{"line":43,"column":0},"end":{"line":47,"column":0}},{"start":{"line":43,"column":0},"end":{"line":47,"column":0}}]}},"s":{"0":0,"1":0,"2":0,"3":0,"4":0,"5":0,"6":0,"7":0,"8":0,"9":0,"10":0,"11":0},"f":{"0":0,"1":0},"b":{"0":[0,0]}}
,"/Users/hutao/Desktop/my/github/web-library/Vue/vue-study/src/components/form/Input.vue": {"path":"/Users/hutao/Desktop/my/github/web-library/Vue/vue-study/src/components/form/Input.vue","statementMap":{"0":{"start":{"line":18,"column":0},"end":{"line":null,"column":-1}},"1":{"start":{"line":19,"column":0},"end":{"line":null,"column":-1}},"2":{"start":{"line":20,"column":0},"end":{"line":null,"column":-1}},"3":{"start":{"line":21,"column":0},"end":{"line":null,"column":-1}},"4":{"start":{"line":23,"column":0},"end":{"line":null,"column":-1}}},"fnMap":{},"branchMap":{},"s":{"0":0,"1":0,"2":0,"3":0,"4":0},"f":{},"b":{}}
,"/Users/hutao/Desktop/my/github/web-library/Vue/vue-study/src/components/form/Test.vue": {"path":"/Users/hutao/Desktop/my/github/web-library/Vue/vue-study/src/components/form/Test.vue","statementMap":{"0":{"start":{"line":21,"column":0},"end":{"line":null,"column":-1}},"1":{"start":{"line":22,"column":0},"end":{"line":null,"column":-1}},"2":{"start":{"line":23,"column":0},"end":{"line":null,"column":-1}},"3":{"start":{"line":25,"column":0},"end":{"line":null,"column":-1}},"4":{"start":{"line":34,"column":0},"end":{"line":null,"column":-1}},"5":{"start":{"line":44,"column":0},"end":{"line":51,"column":0}},"6":{"start":{"line":45,"column":0},"end":{"line":null,"column":-1}},"7":{"start":{"line":50,"column":0},"end":{"line":null,"column":-1}}},"fnMap":{"0":{"name":"(anonymous_1)","decl":{"start":{"line":44,"column":0},"end":{"line":null,"column":-1}},"loc":{"start":{"line":44,"column":0},"end":{"line":51,"column":0}}}},"branchMap":{"0":{"loc":{"start":{"line":47,"column":0},"end":{"line":null,"column":-1}},"type":"cond-expr","locations":[{"start":{"line":47,"column":0},"end":{"line":null,"column":-1}},{"start":{"line":47,"column":0},"end":{"line":null,"column":-1}}]}},"s":{"0":0,"1":0,"2":0,"3":0,"4":0,"5":0,"6":0,"7":0},"f":{"0":0},"b":{"0":[0,0]}}
,"/Users/hutao/Desktop/my/github/web-library/Vue/vue-study/src/components/recursion/index.vue": {"path":"/Users/hutao/Desktop/my/github/web-library/Vue/vue-study/src/components/recursion/index.vue","statementMap":{"0":{"start":{"line":6,"column":0},"end":{"line":null,"column":-1}},"1":{"start":{"line":12,"column":0},"end":{"line":null,"column":-1}}},"fnMap":{},"branchMap":{},"s":{"0":0,"1":0},"f":{},"b":{}}
,"/Users/hutao/Desktop/my/github/web-library/Vue/vue-study/src/components/sidebar/Item.vue": {"path":"/Users/hutao/Desktop/my/github/web-library/Vue/vue-study/src/components/sidebar/Item.vue","statementMap":{"0":{"start":{"line":16,"column":0},"end":{"line":null,"column":-1}},"1":{"start":{"line":17,"column":0},"end":{"line":null,"column":-1}},"2":{"start":{"line":20,"column":0},"end":{"line":23,"column":0}},"3":{"start":{"line":22,"column":0},"end":{"line":null,"column":-1}},"4":{"start":{"line":25,"column":0},"end":{"line":27,"column":0}},"5":{"start":{"line":26,"column":0},"end":{"line":null,"column":-1}},"6":{"start":{"line":28,"column":0},"end":{"line":null,"column":-1}}},"fnMap":{},"branchMap":{"0":{"loc":{"start":{"line":20,"column":0},"end":{"line":23,"column":0}},"type":"if","locations":[{"start":{"line":20,"column":0},"end":{"line":23,"column":0}},{"start":{"line":20,"column":0},"end":{"line":23,"column":0}}]},"1":{"loc":{"start":{"line":25,"column":0},"end":{"line":27,"column":0}},"type":"if","locations":[{"start":{"line":25,"column":0},"end":{"line":27,"column":0}},{"start":{"line":25,"column":0},"end":{"line":27,"column":0}}]}},"s":{"0":0,"1":0,"2":0,"3":0,"4":0,"5":0,"6":0},"f":{},"b":{"0":[0,0],"1":[0,0]}}
,"/Users/hutao/Desktop/my/github/web-library/Vue/vue-study/src/components/sidebar/SidebarItem.vue": {"path":"/Users/hutao/Desktop/my/github/web-library/Vue/vue-study/src/components/sidebar/SidebarItem.vue","statementMap":{"0":{"start":{"line":39,"column":0},"end":{"line":null,"column":-1}},"1":{"start":{"line":40,"column":0},"end":{"line":null,"column":-1}},"2":{"start":{"line":61,"column":0},"end":{"line":null,"column":-1}},"3":{"start":{"line":62,"column":0},"end":{"line":null,"column":-1}},"4":{"start":{"line":66,"column":0},"end":{"line":74,"column":0}},"5":{"start":{"line":67,"column":0},"end":{"line":73,"column":0}},"6":{"start":{"line":68,"column":0},"end":{"line":null,"column":-1}},"7":{"start":{"line":71,"column":0},"end":{"line":null,"column":-1}},"8":{"start":{"line":72,"column":0},"end":{"line":null,"column":-1}},"9":{"start":{"line":77,"column":0},"end":{"line":79,"column":0}},"10":{"start":{"line":78,"column":0},"end":{"line":null,"column":-1}},"11":{"start":{"line":82,"column":0},"end":{"line":85,"column":0}},"12":{"start":{"line":83,"column":0},"end":{"line":null,"column":-1}},"13":{"start":{"line":84,"column":0},"end":{"line":null,"column":-1}},"14":{"start":{"line":87,"column":0},"end":{"line":null,"column":-1}},"15":{"start":{"line":90,"column":0},"end":{"line":null,"column":-1}}},"fnMap":{"0":{"name":"(anonymous_1)","decl":{"start":{"line":66,"column":0},"end":{"line":null,"column":-1}},"loc":{"start":{"line":66,"column":0},"end":{"line":74,"column":0}}}},"branchMap":{"0":{"loc":{"start":{"line":65,"column":0},"end":{"line":null,"column":-1}},"type":"default-arg","locations":[{"start":{"line":65,"column":0},"end":{"line":null,"column":-1}}]},"1":{"loc":{"start":{"line":67,"column":0},"end":{"line":73,"column":0}},"type":"if","locations":[{"start":{"line":67,"column":0},"end":{"line":73,"column":0}},{"start":{"line":67,"column":0},"end":{"line":73,"column":0}}]},"2":{"loc":{"start":{"line":77,"column":0},"end":{"line":79,"column":0}},"type":"if","locations":[{"start":{"line":77,"column":0},"end":{"line":79,"column":0}},{"start":{"line":77,"column":0},"end":{"line":79,"column":0}}]},"3":{"loc":{"start":{"line":82,"column":0},"end":{"line":85,"column":0}},"type":"if","locations":[{"start":{"line":82,"column":0},"end":{"line":85,"column":0}},{"start":{"line":82,"column":0},"end":{"line":85,"column":0}}]}},"s":{"0":0,"1":0,"2":0,"3":0,"4":0,"5":0,"6":0,"7":0,"8":0,"9":0,"10":0,"11":0,"12":0,"13":0,"14":0,"15":0},"f":{"0":0},"b":{"0":[0],"1":[0,0],"2":[0,0],"3":[0,0]}}
,"/Users/hutao/Desktop/my/github/web-library/Vue/vue-study/src/components/sidebar/index.vue": {"path":"/Users/hutao/Desktop/my/github/web-library/Vue/vue-study/src/components/sidebar/index.vue","statementMap":{"0":{"start":{"line":25,"column":0},"end":{"line":null,"column":-1}},"1":{"start":{"line":26,"column":0},"end":{"line":null,"column":-1}},"2":{"start":{"line":33,"column":0},"end":{"line":null,"column":-1}},"3":{"start":{"line":34,"column":0},"end":{"line":null,"column":-1}},"4":{"start":{"line":36,"column":0},"end":{"line":38,"column":0}},"5":{"start":{"line":37,"column":0},"end":{"line":null,"column":-1}},"6":{"start":{"line":39,"column":0},"end":{"line":null,"column":-1}},"7":{"start":{"line":42,"column":0},"end":{"line":null,"column":-1}}},"fnMap":{},"branchMap":{"0":{"loc":{"start":{"line":36,"column":0},"end":{"line":38,"column":0}},"type":"if","locations":[{"start":{"line":36,"column":0},"end":{"line":38,"column":0}},{"start":{"line":36,"column":0},"end":{"line":38,"column":0}}]}},"s":{"0":0,"1":0,"2":0,"3":0,"4":0,"5":0,"6":0,"7":0},"f":{},"b":{"0":[0,0]}}
,"/Users/hutao/Desktop/my/github/web-library/Vue/vue-study/src/components/slots/Comp3.vue": {"path":"/Users/hutao/Desktop/my/github/web-library/Vue/vue-study/src/components/slots/Comp3.vue","statementMap":{"0":{"start":{"line":11,"column":0},"end":{"line":null,"column":-1}}},"fnMap":{},"branchMap":{},"s":{"0":0},"f":{},"b":{}}
,"/Users/hutao/Desktop/my/github/web-library/Vue/vue-study/src/components/slots/index.vue": {"path":"/Users/hutao/Desktop/my/github/web-library/Vue/vue-study/src/components/slots/index.vue","statementMap":{"0":{"start":{"line":18,"column":0},"end":{"line":null,"column":-1}},"1":{"start":{"line":19,"column":0},"end":{"line":null,"column":-1}},"2":{"start":{"line":20,"column":0},"end":{"line":null,"column":-1}}},"fnMap":{},"branchMap":{},"s":{"0":0,"1":0,"2":0},"f":{},"b":{}}
,"/Users/hutao/Desktop/my/github/web-library/Vue/vue-study/src/components/svg-icon/index.vue": {"path":"/Users/hutao/Desktop/my/github/web-library/Vue/vue-study/src/components/svg-icon/index.vue","statementMap":{"0":{"start":{"line":22,"column":0},"end":{"line":null,"column":-1}},"1":{"start":{"line":25,"column":0},"end":{"line":29,"column":0}},"2":{"start":{"line":26,"column":0},"end":{"line":null,"column":-1}},"3":{"start":{"line":28,"column":0},"end":{"line":null,"column":-1}}},"fnMap":{},"branchMap":{"0":{"loc":{"start":{"line":25,"column":0},"end":{"line":29,"column":0}},"type":"if","locations":[{"start":{"line":25,"column":0},"end":{"line":29,"column":0}},{"start":{"line":25,"column":0},"end":{"line":29,"column":0}}]}},"s":{"0":0,"1":0,"2":0,"3":0},"f":{},"b":{"0":[0,0]}}
,"/Users/hutao/Desktop/my/github/web-library/Vue/vue-study/src/components/toast/index.vue": {"path":"/Users/hutao/Desktop/my/github/web-library/Vue/vue-study/src/components/toast/index.vue","statementMap":{"0":{"start":{"line":25,"column":0},"end":{"line":null,"column":-1}},"1":{"start":{"line":31,"column":0},"end":{"line":null,"column":-1}},"2":{"start":{"line":32,"column":0},"end":{"line":null,"column":-1}},"3":{"start":{"line":35,"column":0},"end":{"line":null,"column":-1}},"4":{"start":{"line":36,"column":0},"end":{"line":null,"column":-1}}},"fnMap":{},"branchMap":{},"s":{"0":0,"1":0,"2":0,"3":0,"4":0},"f":{},"b":{}}
,"/Users/hutao/Desktop/my/github/web-library/Vue/vue-study/src/components/tree/Item.vue": {"path":"/Users/hutao/Desktop/my/github/web-library/Vue/vue-study/src/components/tree/Item.vue","statementMap":{"0":{"start":{"line":23,"column":0},"end":{"line":null,"column":-1}},"1":{"start":{"line":29,"column":0},"end":{"line":null,"column":-1}},"2":{"start":{"line":34,"column":0},"end":{"line":36,"column":0}},"3":{"start":{"line":35,"column":0},"end":{"line":null,"column":-1}}},"fnMap":{},"branchMap":{"0":{"loc":{"start":{"line":29,"column":0},"end":{"line":null,"column":-1}},"type":"binary-expr","locations":[{"start":{"line":29,"column":0},"end":{"line":null,"column":-1}},{"start":{"line":29,"column":0},"end":{"line":null,"column":-1}}]},"1":{"loc":{"start":{"line":34,"column":0},"end":{"line":36,"column":0}},"type":"if","locations":[{"start":{"line":34,"column":0},"end":{"line":36,"column":0}},{"start":{"line":34,"column":0},"end":{"line":36,"column":0}}]}},"s":{"0":0,"1":0,"2":0,"3":0},"f":{},"b":{"0":[0,0],"1":[0,0]}}
,"/Users/hutao/Desktop/my/github/web-library/Vue/vue-study/src/components/tree/index.vue": {"path":"/Users/hutao/Desktop/my/github/web-library/Vue/vue-study/src/components/tree/index.vue","statementMap":{"0":{"start":{"line":10,"column":0},"end":{"line":null,"column":-1}},"1":{"start":{"line":14,"column":0},"end":{"line":null,"column":-1}}},"fnMap":{},"branchMap":{},"s":{"0":0,"1":0},"f":{},"b":{}}
,"/Users/hutao/Desktop/my/github/web-library/Vue/vue-study/src/directive/premission.js": {"path":"/Users/hutao/Desktop/my/github/web-library/Vue/vue-study/src/directive/premission.js","statementMap":{"0":{"start":{"line":1,"column":0},"end":{"line":null,"column":-1}},"1":{"start":{"line":3,"column":19},"end":{"line":3,"column":0}},"2":{"start":{"line":13,"column":30},"end":{"line":13,"column":4}},"3":{"start":{"line":15,"column":18},"end":{"line":15,"column":4}},"4":{"start":{"line":16,"column":4},"end":{"line":25,"column":5}},"5":{"start":{"line":18,"column":28},"end":{"line":18,"column":6}},"6":{"start":{"line":18,"column":44},"end":{"line":18,"column":28}},"7":{"start":{"line":19,"column":6},"end":{"line":22,"column":7}},"8":{"start":{"line":21,"column":8},"end":{"line":null,"column":-1}},"9":{"start":{"line":24,"column":6},"end":{"line":null,"column":-1}}},"fnMap":{"0":{"name":"(anonymous_0)","decl":{"start":{"line":18,"column":39},"end":{"line":18,"column":40}},"loc":{"start":{"line":18,"column":44},"end":{"line":18,"column":28}}}},"branchMap":{"0":{"loc":{"start":{"line":15,"column":18},"end":{"line":15,"column":17}},"type":"binary-expr","locations":[{"start":{"line":15,"column":18},"end":{"line":15,"column":17}},{"start":{"line":15,"column":35},"end":{"line":15,"column":4}}]},"1":{"loc":{"start":{"line":16,"column":4},"end":{"line":25,"column":5}},"type":"if","locations":[{"start":{"line":16,"column":4},"end":{"line":25,"column":5}},{"start":{"line":16,"column":4},"end":{"line":25,"column":5}}]},"2":{"loc":{"start":{"line":16,"column":8},"end":{"line":16,"column":14}},"type":"binary-expr","locations":[{"start":{"line":16,"column":8},"end":{"line":16,"column":14}},{"start":{"line":16,"column":18},"end":{"line":16,"column":8}},{"start":{"line":16,"column":43},"end":{"line":16,"column":4}}]},"3":{"loc":{"start":{"line":19,"column":6},"end":{"line":22,"column":7}},"type":"if","locations":[{"start":{"line":19,"column":6},"end":{"line":22,"column":7}},{"start":{"line":19,"column":6},"end":{"line":22,"column":7}}]},"4":{"loc":{"start":{"line":21,"column":8},"end":{"line":21,"column":7}},"type":"binary-expr","locations":[{"start":{"line":21,"column":8},"end":{"line":21,"column":7}},{"start":{"line":21,"column":25},"end":{"line":21,"column":8}}]}},"s":{"0":0,"1":0,"2":0,"3":0,"4":0,"5":0,"6":0,"7":0,"8":0,"9":0},"f":{"0":0},"b":{"0":[0,0],"1":[0,0],"2":[0,0,0],"3":[0,0],"4":[0,0]}}
,"/Users/hutao/Desktop/my/github/web-library/Vue/vue-study/src/icons/index.js": {"path":"/Users/hutao/Desktop/my/github/web-library/Vue/vue-study/src/icons/index.js","statementMap":{"0":{"start":{"line":1,"column":0},"end":{"line":null,"column":-1}},"1":{"start":{"line":2,"column":0},"end":{"line":null,"column":-1}},"2":{"start":{"line":8,"column":12},"end":{"line":8,"column":0}},"3":{"start":{"line":10,"column":0},"end":{"line":null,"column":-1}}},"fnMap":{},"branchMap":{},"s":{"0":0,"1":0,"2":0,"3":0},"f":{},"b":{}}
,"/Users/hutao/Desktop/my/github/web-library/Vue/vue-study/src/kvue/kvue.js": {"path":"/Users/hutao/Desktop/my/github/web-library/Vue/vue-study/src/kvue/kvue.js","statementMap":{"0":{"start":{"line":5,"column":4},"end":{"line":null,"column":-1}},"1":{"start":{"line":6,"column":4},"end":{"line":4,"column":23}},"2":{"start":{"line":7,"column":6},"end":{"line":null,"column":-1}},"3":{"start":{"line":9,"column":6},"end":{"line":null,"column":-1}},"4":{"start":{"line":13,"column":4},"end":{"line":null,"column":-1}},"5":{"start":{"line":15,"column":4},"end":{"line":4,"column":23}},"6":{"start":{"line":18,"column":4},"end":{"line":20,"column":5}},"7":{"start":{"line":19,"column":6},"end":{"line":null,"column":-1}},"8":{"start":{"line":25,"column":4},"end":{"line":24,"column":15}},"9":{"start":{"line":26,"column":6},"end":{"line":null,"column":-1}},"10":{"start":{"line":29,"column":4},"end":{"line":null,"column":-1}},"11":{"start":{"line":30,"column":6},"end":{"line":29,"column":36}},"12":{"start":{"line":32,"column":6},"end":{"line":null,"column":-1}},"13":{"start":{"line":37,"column":16},"end":{"line":37,"column":4}},"14":{"start":{"line":39,"column":4},"end":{"line":36,"column":32}},"15":{"start":{"line":42,"column":8},"end":{"line":null,"column":-1}},"16":{"start":{"line":43,"column":8},"end":{"line":null,"column":-1}},"17":{"start":{"line":46,"column":8},"end":{"line":49,"column":9}},"18":{"start":{"line":47,"column":10},"end":{"line":null,"column":-1}},"19":{"start":{"line":48,"column":10},"end":{"line":null,"column":-1}},"20":{"start":{"line":54,"column":4},"end":{"line":null,"column":-1}},"21":{"start":{"line":58,"column":4},"end":{"line":null,"column":-1}},"22":{"start":{"line":60,"column":8},"end":{"line":null,"column":-1}},"23":{"start":{"line":63,"column":8},"end":{"line":null,"column":-1}},"24":{"start":{"line":69,"column":10},"end":{"line":69,"column":0}},"25":{"start":{"line":74,"column":4},"end":{"line":null,"column":-1}},"26":{"start":{"line":75,"column":4},"end":{"line":null,"column":-1}},"27":{"start":{"line":79,"column":4},"end":{"line":null,"column":-1}},"28":{"start":{"line":83,"column":4},"end":{"line":null,"column":-1}},"29":{"start":{"line":83,"column":25},"end":{"line":83,"column":4}},"30":{"start":{"line":90,"column":4},"end":{"line":null,"column":-1}},"31":{"start":{"line":91,"column":4},"end":{"line":null,"column":-1}},"32":{"start":{"line":92,"column":4},"end":{"line":null,"column":-1}},"33":{"start":{"line":94,"column":4},"end":{"line":null,"column":-1}},"34":{"start":{"line":95,"column":4},"end":{"line":89,"column":27}},"35":{"start":{"line":96,"column":4},"end":{"line":null,"column":-1}},"36":{"start":{"line":101,"column":4},"end":{"line":null,"column":-1}},"37":{"start":{"line":109,"column":4},"end":{"line":null,"column":-1}},"38":{"start":{"line":110,"column":4},"end":{"line":null,"column":-1}},"39":{"start":{"line":111,"column":4},"end":{"line":118,"column":5}},"40":{"start":{"line":113,"column":6},"end":{"line":111,"column":18}},"41":{"start":{"line":115,"column":6},"end":{"line":111,"column":18}},"42":{"start":{"line":117,"column":6},"end":{"line":null,"column":-1}},"43":{"start":{"line":123,"column":21},"end":{"line":123,"column":4}},"44":{"start":{"line":125,"column":4},"end":{"line":127,"column":5}},"45":{"start":{"line":126,"column":6},"end":{"line":null,"column":-1}},"46":{"start":{"line":128,"column":4},"end":{"line":null,"column":-1}},"47":{"start":{"line":132,"column":23},"end":{"line":132,"column":4}},"48":{"start":{"line":133,"column":4},"end":{"line":null,"column":-1}},"49":{"start":{"line":135,"column":6},"end":{"line":133,"column":43}},"50":{"start":{"line":137,"column":8},"end":{"line":null,"column":-1}},"51":{"start":{"line":138,"column":8},"end":{"line":null,"column":-1}},"52":{"start":{"line":139,"column":13},"end":{"line":133,"column":43}},"53":{"start":{"line":141,"column":8},"end":{"line":null,"column":-1}},"54":{"start":{"line":142,"column":8},"end":{"line":null,"column":-1}},"55":{"start":{"line":146,"column":6},"end":{"line":148,"column":7}},"56":{"start":{"line":147,"column":8},"end":{"line":null,"column":-1}},"57":{"start":{"line":153,"column":4},"end":{"line":null,"column":-1}},"58":{"start":{"line":160,"column":20},"end":{"line":160,"column":4}},"59":{"start":{"line":161,"column":4},"end":{"line":null,"column":-1}},"60":{"start":{"line":162,"column":23},"end":{"line":162,"column":6}},"61":{"start":{"line":163,"column":18},"end":{"line":163,"column":6}},"62":{"start":{"line":165,"column":6},"end":{"line":161,"column":42}},"63":{"start":{"line":166,"column":20},"end":{"line":166,"column":8}},"64":{"start":{"line":168,"column":8},"end":{"line":null,"column":-1}},"65":{"start":{"line":171,"column":6},"end":{"line":174,"column":7}},"66":{"start":{"line":172,"column":22},"end":{"line":172,"column":8}},"67":{"start":{"line":173,"column":8},"end":{"line":null,"column":-1}},"68":{"start":{"line":180,"column":4},"end":{"line":null,"column":-1}},"69":{"start":{"line":184,"column":4},"end":{"line":null,"column":-1}},"70":{"start":{"line":188,"column":4},"end":{"line":null,"column":-1}},"71":{"start":{"line":193,"column":4},"end":{"line":null,"column":-1}},"72":{"start":{"line":198,"column":4},"end":{"line":null,"column":-1}},"73":{"start":{"line":204,"column":4},"end":{"line":202,"column":23}},"74":{"start":{"line":207,"column":4},"end":{"line":null,"column":-1}},"75":{"start":{"line":208,"column":6},"end":{"line":null,"column":-1}},"76":{"start":{"line":214,"column":4},"end":{"line":null,"column":-1}},"77":{"start":{"line":215,"column":20},"end":{"line":215,"column":4}},"78":{"start":{"line":217,"column":4},"end":{"line":213,"column":29}},"79":{"start":{"line":220,"column":4},"end":{"line":null,"column":-1}},"80":{"start":{"line":221,"column":6},"end":{"line":null,"column":-1}},"81":{"start":{"line":226,"column":4},"end":{"line":null,"column":-1}},"82":{"start":{"line":230,"column":4},"end":{"line":null,"column":-1}},"83":{"start":{"line":234,"column":4},"end":{"line":null,"column":-1}},"84":{"start":{"line":239,"column":15},"end":{"line":239,"column":4}},"85":{"start":{"line":240,"column":4},"end":{"line":242,"column":5}},"86":{"start":{"line":241,"column":6},"end":{"line":null,"column":-1}}},"fnMap":{"0":{"name":"(anonymous_0)","decl":{"start":{"line":4,"column":2},"end":{"line":4,"column":12}},"loc":{"start":{"line":4,"column":23},"end":{"line":3,"column":11}}},"1":{"name":"(anonymous_1)","decl":{"start":{"line":24,"column":2},"end":{"line":24,"column":8}},"loc":{"start":{"line":24,"column":15},"end":{"line":34,"column":3}}},"2":{"name":"(anonymous_2)","decl":{"start":{"line":29,"column":29},"end":{"line":29,"column":31}},"loc":{"start":{"line":29,"column":36},"end":{"line":29,"column":4}}},"3":{"name":"(anonymous_3)","decl":{"start":{"line":36,"column":2},"end":{"line":36,"column":15}},"loc":{"start":{"line":36,"column":32},"end":{"line":55,"column":3}}},"4":{"name":"(anonymous_4)","decl":{"start":{"line":57,"column":2},"end":{"line":57,"column":10}},"loc":{"start":{"line":57,"column":17},"end":{"line":66,"column":3}}},"5":{"name":"(anonymous_5)","decl":{"start":{"line":73,"column":2},"end":{"line":73,"column":12}},"loc":{"start":{"line":73,"column":16},"end":{"line":76,"column":3}}},"6":{"name":"(anonymous_6)","decl":{"start":{"line":78,"column":2},"end":{"line":78,"column":7}},"loc":{"start":{"line":78,"column":14},"end":{"line":80,"column":3}}},"7":{"name":"(anonymous_7)","decl":{"start":{"line":82,"column":2},"end":{"line":82,"column":7}},"loc":{"start":{"line":82,"column":11},"end":{"line":84,"column":3}}},"8":{"name":"(anonymous_8)","decl":{"start":{"line":83,"column":18},"end":{"line":83,"column":20}},"loc":{"start":{"line":83,"column":25},"end":{"line":83,"column":4}}},"9":{"name":"(anonymous_9)","decl":{"start":{"line":89,"column":2},"end":{"line":89,"column":12}},"loc":{"start":{"line":89,"column":27},"end":{"line":97,"column":3}}},"10":{"name":"(anonymous_10)","decl":{"start":{"line":99,"column":2},"end":{"line":99,"column":7}},"loc":{"start":{"line":99,"column":11},"end":{"line":102,"column":3}}},"11":{"name":"(anonymous_11)","decl":{"start":{"line":108,"column":2},"end":{"line":108,"column":12}},"loc":{"start":{"line":108,"column":22},"end":{"line":107,"column":15}}},"12":{"name":"(anonymous_12)","decl":{"start":{"line":122,"column":2},"end":{"line":122,"column":15}},"loc":{"start":{"line":122,"column":21},"end":{"line":129,"column":3}}},"13":{"name":"(anonymous_13)","decl":{"start":{"line":131,"column":2},"end":{"line":131,"column":8}},"loc":{"start":{"line":131,"column":14},"end":{"line":150,"column":3}}},"14":{"name":"(anonymous_14)","decl":{"start":{"line":133,"column":35},"end":{"line":133,"column":38}},"loc":{"start":{"line":133,"column":43},"end":{"line":133,"column":4}}},"15":{"name":"(anonymous_15)","decl":{"start":{"line":152,"column":2},"end":{"line":152,"column":16}},"loc":{"start":{"line":152,"column":24},"end":{"line":154,"column":3}}},"16":{"name":"(anonymous_16)","decl":{"start":{"line":156,"column":2},"end":{"line":156,"column":15}},"loc":{"start":{"line":156,"column":23},"end":{"line":107,"column":15}}},"17":{"name":"(anonymous_17)","decl":{"start":{"line":161,"column":34},"end":{"line":161,"column":37}},"loc":{"start":{"line":161,"column":42},"end":{"line":161,"column":4}}},"18":{"name":"(anonymous_18)","decl":{"start":{"line":179,"column":2},"end":{"line":179,"column":12}},"loc":{"start":{"line":179,"column":24},"end":{"line":181,"column":3}}},"19":{"name":"(anonymous_19)","decl":{"start":{"line":183,"column":2},"end":{"line":183,"column":8}},"loc":{"start":{"line":183,"column":20},"end":{"line":185,"column":3}}},"20":{"name":"(anonymous_20)","decl":{"start":{"line":187,"column":2},"end":{"line":187,"column":12}},"loc":{"start":{"line":187,"column":20},"end":{"line":107,"column":15}}},"21":{"name":"(anonymous_21)","decl":{"start":{"line":192,"column":2},"end":{"line":192,"column":5}},"loc":{"start":{"line":192,"column":22},"end":{"line":107,"column":15}}},"22":{"name":"(anonymous_22)","decl":{"start":{"line":197,"column":2},"end":{"line":197,"column":5}},"loc":{"start":{"line":197,"column":22},"end":{"line":107,"column":15}}},"23":{"name":"(anonymous_23)","decl":{"start":{"line":202,"column":2},"end":{"line":202,"column":6}},"loc":{"start":{"line":202,"column":23},"end":{"line":107,"column":15}}},"24":{"name":"(anonymous_24)","decl":{"start":{"line":207,"column":35},"end":{"line":207,"column":36}},"loc":{"start":{"line":207,"column":40},"end":{"line":207,"column":4}}},"25":{"name":"(anonymous_25)","decl":{"start":{"line":213,"column":2},"end":{"line":213,"column":7}},"loc":{"start":{"line":213,"column":29},"end":{"line":223,"column":3}}},"26":{"name":"(anonymous_26)","decl":{"start":{"line":220,"column":25},"end":{"line":220,"column":33}},"loc":{"start":{"line":220,"column":41},"end":{"line":220,"column":4}}},"27":{"name":"(anonymous_27)","decl":{"start":{"line":225,"column":2},"end":{"line":225,"column":12}},"loc":{"start":{"line":225,"column":27},"end":{"line":227,"column":3}}},"28":{"name":"(anonymous_28)","decl":{"start":{"line":229,"column":2},"end":{"line":229,"column":12}},"loc":{"start":{"line":229,"column":27},"end":{"line":231,"column":3}}},"29":{"name":"(anonymous_29)","decl":{"start":{"line":233,"column":2},"end":{"line":233,"column":13}},"loc":{"start":{"line":233,"column":28},"end":{"line":107,"column":15}}},"30":{"name":"(anonymous_30)","decl":{"start":{"line":238,"column":2},"end":{"line":238,"column":13}},"loc":{"start":{"line":238,"column":37},"end":{"line":243,"column":3}}}},"branchMap":{"0":{"loc":{"start":{"line":6,"column":4},"end":{"line":4,"column":23}},"type":"if","locations":[{"start":{"line":6,"column":4},"end":{"line":4,"column":23}},{"start":{"line":6,"column":4},"end":{"line":4,"column":23}}]},"1":{"loc":{"start":{"line":18,"column":4},"end":{"line":20,"column":5}},"type":"if","locations":[{"start":{"line":18,"column":4},"end":{"line":20,"column":5}},{"start":{"line":18,"column":4},"end":{"line":20,"column":5}}]},"2":{"loc":{"start":{"line":25,"column":4},"end":{"line":24,"column":15}},"type":"if","locations":[{"start":{"line":25,"column":4},"end":{"line":24,"column":15}},{"start":{"line":25,"column":4},"end":{"line":24,"column":15}}]},"3":{"loc":{"start":{"line":25,"column":8},"end":{"line":25,"column":7}},"type":"binary-expr","locations":[{"start":{"line":25,"column":8},"end":{"line":25,"column":7}},{"start":{"line":25,"column":16},"end":{"line":25,"column":4}}]},"4":{"loc":{"start":{"line":42,"column":8},"end":{"line":42,"column":7}},"type":"binary-expr","locations":[{"start":{"line":42,"column":8},"end":{"line":42,"column":7}},{"start":{"line":42,"column":22},"end":{"line":42,"column":8}}]},"5":{"loc":{"start":{"line":46,"column":8},"end":{"line":49,"column":9}},"type":"if","locations":[{"start":{"line":46,"column":8},"end":{"line":49,"column":9}},{"start":{"line":46,"column":8},"end":{"line":49,"column":9}}]},"6":{"loc":{"start":{"line":111,"column":4},"end":{"line":118,"column":5}},"type":"if","locations":[{"start":{"line":111,"column":4},"end":{"line":118,"column":5}},{"start":{"line":111,"column":4},"end":{"line":118,"column":5}}]},"7":{"loc":{"start":{"line":135,"column":6},"end":{"line":133,"column":43}},"type":"if","locations":[{"start":{"line":135,"column":6},"end":{"line":133,"column":43}},{"start":{"line":135,"column":6},"end":{"line":133,"column":43}}]},"8":{"loc":{"start":{"line":139,"column":13},"end":{"line":133,"column":43}},"type":"if","locations":[{"start":{"line":139,"column":13},"end":{"line":133,"column":43}},{"start":{"line":139,"column":13},"end":{"line":133,"column":43}}]},"9":{"loc":{"start":{"line":146,"column":6},"end":{"line":148,"column":7}},"type":"if","locations":[{"start":{"line":146,"column":6},"end":{"line":148,"column":7}},{"start":{"line":146,"column":6},"end":{"line":148,"column":7}}]},"10":{"loc":{"start":{"line":146,"column":10},"end":{"line":146,"column":9}},"type":"binary-expr","locations":[{"start":{"line":146,"column":10},"end":{"line":146,"column":9}},{"start":{"line":146,"column":29},"end":{"line":146,"column":6}}]},"11":{"loc":{"start":{"line":153,"column":11},"end":{"line":153,"column":10}},"type":"binary-expr","locations":[{"start":{"line":153,"column":11},"end":{"line":153,"column":10}},{"start":{"line":153,"column":34},"end":{"line":153,"column":4}}]},"12":{"loc":{"start":{"line":165,"column":6},"end":{"line":161,"column":42}},"type":"if","locations":[{"start":{"line":165,"column":6},"end":{"line":161,"column":42}},{"start":{"line":165,"column":6},"end":{"line":161,"column":42}}]},"13":{"loc":{"start":{"line":168,"column":8},"end":{"line":168,"column":20}},"type":"binary-expr","locations":[{"start":{"line":168,"column":8},"end":{"line":168,"column":20}},{"start":{"line":168,"column":21},"end":{"line":168,"column":8}}]},"14":{"loc":{"start":{"line":171,"column":6},"end":{"line":174,"column":7}},"type":"if","locations":[{"start":{"line":171,"column":6},"end":{"line":174,"column":7}},{"start":{"line":171,"column":6},"end":{"line":174,"column":7}}]},"15":{"loc":{"start":{"line":217,"column":4},"end":{"line":217,"column":13}},"type":"binary-expr","locations":[{"start":{"line":217,"column":4},"end":{"line":217,"column":13}},{"start":{"line":217,"column":17},"end":{"line":217,"column":4}}]},"16":{"loc":{"start":{"line":221,"column":6},"end":{"line":221,"column":15}},"type":"binary-expr","locations":[{"start":{"line":221,"column":6},"end":{"line":221,"column":15}},{"start":{"line":221,"column":19},"end":{"line":221,"column":6}}]},"17":{"loc":{"start":{"line":239,"column":15},"end":{"line":239,"column":14}},"type":"binary-expr","locations":[{"start":{"line":239,"column":15},"end":{"line":239,"column":14}},{"start":{"line":239,"column":38},"end":{"line":239,"column":4}}]},"18":{"loc":{"start":{"line":240,"column":4},"end":{"line":242,"column":5}},"type":"if","locations":[{"start":{"line":240,"column":4},"end":{"line":242,"column":5}},{"start":{"line":240,"column":4},"end":{"line":242,"column":5}}]},"19":{"loc":{"start":{"line":240,"column":8},"end":{"line":240,"column":13}},"type":"binary-expr","locations":[{"start":{"line":240,"column":8},"end":{"line":240,"column":13}},{"start":{"line":240,"column":17},"end":{"line":240,"column":4}}]}},"s":{"0":0,"1":0,"2":0,"3":0,"4":0,"5":0,"6":0,"7":0,"8":0,"9":0,"10":0,"11":0,"12":0,"13":0,"14":0,"15":0,"16":0,"17":0,"18":0,"19":0,"20":0,"21":0,"22":0,"23":0,"24":0,"25":0,"26":0,"27":0,"28":0,"29":0,"30":0,"31":0,"32":0,"33":0,"34":0,"35":0,"36":0,"37":0,"38":0,"39":0,"40":0,"41":0,"42":0,"43":0,"44":0,"45":0,"46":0,"47":0,"48":0,"49":0,"50":0,"51":0,"52":0,"53":0,"54":0,"55":0,"56":0,"57":0,"58":0,"59":0,"60":0,"61":0,"62":0,"63":0,"64":0,"65":0,"66":0,"67":0,"68":0,"69":0,"70":0,"71":0,"72":0,"73":0,"74":0,"75":0,"76":0,"77":0,"78":0,"79":0,"80":0,"81":0,"82":0,"83":0,"84":0,"85":0,"86":0},"f":{"0":0,"1":0,"2":0,"3":0,"4":0,"5":0,"6":0,"7":0,"8":0,"9":0,"10":0,"11":0,"12":0,"13":0,"14":0,"15":0,"16":0,"17":0,"18":0,"19":0,"20":0,"21":0,"22":0,"23":0,"24":0,"25":0,"26":0,"27":0,"28":0,"29":0,"30":0},"b":{"0":[0,0],"1":[0,0],"2":[0,0],"3":[0,0],"4":[0,0],"5":[0,0],"6":[0,0],"7":[0,0],"8":[0,0],"9":[0,0],"10":[0,0],"11":[0,0],"12":[0,0],"13":[0,0],"14":[0,0],"15":[0,0],"16":[0,0],"17":[0,0],"18":[0,0],"19":[0,0]}}
,"/Users/hutao/Desktop/my/github/web-library/Vue/vue-study/src/layout/index.vue": {"path":"/Users/hutao/Desktop/my/github/web-library/Vue/vue-study/src/layout/index.vue","statementMap":{"0":{"start":{"line":27,"column":0},"end":{"line":null,"column":-1}},"1":{"start":{"line":28,"column":0},"end":{"line":null,"column":-1}},"2":{"start":{"line":29,"column":0},"end":{"line":null,"column":-1}},"3":{"start":{"line":39,"column":0},"end":{"line":43,"column":0}},"4":{"start":{"line":40,"column":0},"end":{"line":42,"column":0}},"5":{"start":{"line":41,"column":0},"end":{"line":null,"column":-1}}},"fnMap":{"0":{"name":"(anonymous_1)","decl":{"start":{"line":40,"column":0},"end":{"line":null,"column":-1}},"loc":{"start":{"line":40,"column":0},"end":{"line":42,"column":0}}}},"branchMap":{"0":{"loc":{"start":{"line":39,"column":0},"end":{"line":43,"column":0}},"type":"if","locations":[{"start":{"line":39,"column":0},"end":{"line":43,"column":0}},{"start":{"line":39,"column":0},"end":{"line":43,"column":0}}]}},"s":{"0":0,"1":0,"2":0,"3":0,"4":0,"5":0},"f":{"0":0},"b":{"0":[0,0]}}
,"/Users/hutao/Desktop/my/github/web-library/Vue/vue-study/src/router/index.js": {"path":"/Users/hutao/Desktop/my/github/web-library/Vue/vue-study/src/router/index.js","statementMap":{"0":{"start":{"line":1,"column":0},"end":{"line":null,"column":-1}},"1":{"start":{"line":2,"column":0},"end":{"line":null,"column":-1}},"2":{"start":{"line":3,"column":0},"end":{"line":null,"column":-1}},"3":{"start":{"line":8,"column":27},"end":{"line":8,"column":7}},"4":{"start":{"line":11,"column":15},"end":{"line":9,"column":2}},"5":{"start":{"line":11,"column":15},"end":{"line":9,"column":1}},"6":{"start":{"line":23,"column":19},"end":{"line":21,"column":6}},"7":{"start":{"line":23,"column":19},"end":{"line":21,"column":5}},"8":{"start":{"line":33,"column":19},"end":{"line":31,"column":6}},"9":{"start":{"line":33,"column":19},"end":{"line":31,"column":5}},"10":{"start":{"line":46,"column":27},"end":{"line":46,"column":7}},"11":{"start":{"line":55,"column":19},"end":{"line":53,"column":6}},"12":{"start":{"line":55,"column":19},"end":{"line":53,"column":5}},"13":{"start":{"line":65,"column":19},"end":{"line":63,"column":6}},"14":{"start":{"line":65,"column":19},"end":{"line":63,"column":5}}},"fnMap":{"0":{"name":"(anonymous_0)","decl":{"start":{"line":11,"column":15},"end":{"line":11,"column":27}},"loc":{"start":{"line":11,"column":15},"end":{"line":9,"column":2}}},"1":{"name":"(anonymous_2)","decl":{"start":{"line":23,"column":19},"end":{"line":24,"column":47}},"loc":{"start":{"line":23,"column":19},"end":{"line":21,"column":6}}},"2":{"name":"(anonymous_4)","decl":{"start":{"line":33,"column":19},"end":{"line":34,"column":47}},"loc":{"start":{"line":33,"column":19},"end":{"line":31,"column":6}}},"3":{"name":"(anonymous_6)","decl":{"start":{"line":55,"column":19},"end":{"line":56,"column":47}},"loc":{"start":{"line":55,"column":19},"end":{"line":53,"column":6}}},"4":{"name":"(anonymous_8)","decl":{"start":{"line":65,"column":19},"end":{"line":66,"column":47}},"loc":{"start":{"line":65,"column":19},"end":{"line":63,"column":6}}}},"branchMap":{},"s":{"0":0,"1":0,"2":0,"3":0,"4":0,"5":0,"6":0,"7":0,"8":0,"9":0,"10":0,"11":0,"12":0,"13":0,"14":0},"f":{"0":0,"1":0,"2":0,"3":0,"4":0},"b":{}}
,"/Users/hutao/Desktop/my/github/web-library/Vue/vue-study/src/router/router.js": {"path":"/Users/hutao/Desktop/my/github/web-library/Vue/vue-study/src/router/router.js","statementMap":{"0":{"start":{"line":1,"column":0},"end":{"line":null,"column":-1}},"1":{"start":{"line":2,"column":0},"end":{"line":null,"column":-1}},"2":{"start":{"line":3,"column":0},"end":{"line":null,"column":-1}},"3":{"start":{"line":4,"column":0},"end":{"line":null,"column":-1}},"4":{"start":{"line":5,"column":0},"end":{"line":null,"column":-1}},"5":{"start":{"line":7,"column":0},"end":{"line":null,"column":-1}},"6":{"start":{"line":9,"column":15},"end":{"line":9,"column":0}},"7":{"start":{"line":23,"column":25},"end":{"line":23,"column":20}},"8":{"start":{"line":41,"column":15},"end":{"line":34,"column":2}},"9":{"start":{"line":41,"column":15},"end":{"line":34,"column":1}},"10":{"start":{"line":44,"column":6},"end":{"line":null,"column":-1}},"11":{"start":{"line":45,"column":6},"end":{"line":43,"column":37}},"12":{"start":{"line":51,"column":15},"end":{"line":51,"column":0}},"13":{"start":{"line":59,"column":0},"end":{"line":null,"column":-1}},"14":{"start":{"line":60,"column":2},"end":{"line":59,"column":38}},"15":{"start":{"line":62,"column":2},"end":{"line":71,"column":3}},"16":{"start":{"line":63,"column":4},"end":{"line":68,"column":5}},"17":{"start":{"line":64,"column":6},"end":{"line":null,"column":-1}},"18":{"start":{"line":65,"column":6},"end":{"line":63,"column":31}},"19":{"start":{"line":67,"column":6},"end":{"line":66,"column":11}},"20":{"start":{"line":70,"column":4},"end":{"line":69,"column":9}}},"fnMap":{"0":{"name":"(anonymous_0)","decl":{"start":{"line":23,"column":15},"end":{"line":23,"column":19}},"loc":{"start":{"line":23,"column":25},"end":{"line":23,"column":20}}},"1":{"name":"(anonymous_1)","decl":{"start":{"line":41,"column":15},"end":{"line":34,"column":1}},"loc":{"start":{"line":41,"column":15},"end":{"line":34,"column":2}}},"2":{"name":"(anonymous_3)","decl":{"start":{"line":43,"column":17},"end":{"line":43,"column":18}},"loc":{"start":{"line":43,"column":37},"end":{"line":47,"column":5}}},"3":{"name":"(anonymous_4)","decl":{"start":{"line":59,"column":18},"end":{"line":59,"column":19}},"loc":{"start":{"line":59,"column":38},"end":{"line":59,"column":0}}}},"branchMap":{"0":{"loc":{"start":{"line":62,"column":2},"end":{"line":71,"column":3}},"type":"if","locations":[{"start":{"line":62,"column":2},"end":{"line":71,"column":3}},{"start":{"line":62,"column":2},"end":{"line":71,"column":3}}]},"1":{"loc":{"start":{"line":62,"column":6},"end":{"line":62,"column":5}},"type":"binary-expr","locations":[{"start":{"line":62,"column":6},"end":{"line":62,"column":5}},{"start":{"line":62,"column":22},"end":{"line":62,"column":2}}]},"2":{"loc":{"start":{"line":63,"column":4},"end":{"line":68,"column":5}},"type":"if","locations":[{"start":{"line":63,"column":4},"end":{"line":68,"column":5}},{"start":{"line":63,"column":4},"end":{"line":68,"column":5}}]}},"s":{"0":0,"1":0,"2":0,"3":0,"4":0,"5":0,"6":0,"7":0,"8":0,"9":0,"10":0,"11":0,"12":0,"13":0,"14":0,"15":0,"16":0,"17":0,"18":0,"19":0,"20":0},"f":{"0":0,"1":0,"2":0,"3":0},"b":{"0":[0,0],"1":[0,0],"2":[0,0]}}
,"/Users/hutao/Desktop/my/github/web-library/Vue/vue-study/src/server/index.js": {"path":"/Users/hutao/Desktop/my/github/web-library/Vue/vue-study/src/server/index.js","statementMap":{"0":{"start":{"line":1,"column":16},"end":{"line":1,"column":0}},"1":{"start":{"line":2,"column":12},"end":{"line":2,"column":0}},"2":{"start":{"line":3,"column":19},"end":{"line":3,"column":0}},"3":{"start":{"line":4,"column":0},"end":{"line":null,"column":-1}},"4":{"start":{"line":5,"column":0},"end":{"line":null,"column":-1}},"5":{"start":{"line":10,"column":0},"end":{"line":null,"column":-1}},"6":{"start":{"line":11,"column":23},"end":{"line":11,"column":2}},"7":{"start":{"line":12,"column":2},"end":{"line":22,"column":3}},"8":{"start":{"line":13,"column":4},"end":{"line":null,"column":-1}},"9":{"start":{"line":18,"column":4},"end":{"line":null,"column":-1}},"10":{"start":{"line":25,"column":0},"end":{"line":null,"column":-1}},"11":{"start":{"line":27,"column":16},"end":{"line":27,"column":2}},"12":{"start":{"line":28,"column":2},"end":{"line":null,"column":-1}},"13":{"start":{"line":34,"column":0},"end":{"line":null,"column":-1}}},"fnMap":{"0":{"name":"(anonymous_0)","decl":{"start":{"line":10,"column":28},"end":{"line":10,"column":29}},"loc":{"start":{"line":10,"column":42},"end":{"line":10,"column":0}}},"1":{"name":"(anonymous_1)","decl":{"start":{"line":25,"column":26},"end":{"line":25,"column":27}},"loc":{"start":{"line":25,"column":40},"end":{"line":25,"column":0}}}},"branchMap":{"0":{"loc":{"start":{"line":12,"column":2},"end":{"line":22,"column":3}},"type":"if","locations":[{"start":{"line":12,"column":2},"end":{"line":22,"column":3}},{"start":{"line":12,"column":2},"end":{"line":22,"column":3}}]},"1":{"loc":{"start":{"line":12,"column":6},"end":{"line":12,"column":5}},"type":"binary-expr","locations":[{"start":{"line":12,"column":6},"end":{"line":12,"column":5}},{"start":{"line":12,"column":30},"end":{"line":12,"column":2}}]},"2":{"loc":{"start":{"line":27,"column":53},"end":{"line":27,"column":16}},"type":"cond-expr","locations":[{"start":{"line":27,"column":53},"end":{"line":27,"column":16}},{"start":{"line":27,"column":65},"end":{"line":27,"column":2}}]}},"s":{"0":0,"1":0,"2":0,"3":0,"4":0,"5":0,"6":0,"7":0,"8":0,"9":0,"10":0,"11":0,"12":0,"13":0},"f":{"0":0,"1":0},"b":{"0":[0,0],"1":[0,0],"2":[0,0]}}
,"/Users/hutao/Desktop/my/github/web-library/Vue/vue-study/src/store/index.js": {"path":"/Users/hutao/Desktop/my/github/web-library/Vue/vue-study/src/store/index.js","statementMap":{"0":{"start":{"line":1,"column":0},"end":{"line":null,"column":-1}},"1":{"start":{"line":2,"column":0},"end":{"line":null,"column":-1}},"2":{"start":{"line":3,"column":0},"end":{"line":null,"column":-1}},"3":{"start":{"line":4,"column":0},"end":{"line":null,"column":-1}},"4":{"start":{"line":6,"column":0},"end":{"line":null,"column":-1}},"5":{"start":{"line":8,"column":14},"end":{"line":8,"column":0}},"6":{"start":{"line":13,"column":20},"end":{"line":11,"column":11}},"7":{"start":{"line":15,"column":32},"end":{"line":11,"column":11}},"8":{"start":{"line":17,"column":20},"end":{"line":11,"column":11}},"9":{"start":{"line":19,"column":28},"end":{"line":31,"column":5}},"10":{"start":{"line":20,"column":6},"end":{"line":19,"column":38}},"11":{"start":{"line":22,"column":20},"end":{"line":22,"column":6}},"12":{"start":{"line":24,"column":6},"end":{"line":30,"column":7}},"13":{"start":{"line":26,"column":30},"end":{"line":26,"column":8}},"14":{"start":{"line":26,"column":49},"end":{"line":26,"column":30}},"15":{"start":{"line":27,"column":8},"end":{"line":null,"column":-1}},"16":{"start":{"line":29,"column":8},"end":{"line":null,"column":-1}}},"fnMap":{"0":{"name":"(anonymous_0)","decl":{"start":{"line":13,"column":11},"end":{"line":13,"column":15}},"loc":{"start":{"line":13,"column":20},"end":{"line":11,"column":11}}},"1":{"name":"(anonymous_1)","decl":{"start":{"line":15,"column":23},"end":{"line":15,"column":27}},"loc":{"start":{"line":15,"column":32},"end":{"line":11,"column":11}}},"2":{"name":"(anonymous_2)","decl":{"start":{"line":17,"column":11},"end":{"line":17,"column":15}},"loc":{"start":{"line":17,"column":20},"end":{"line":11,"column":11}}},"3":{"name":"(anonymous_3)","decl":{"start":{"line":19,"column":19},"end":{"line":19,"column":23}},"loc":{"start":{"line":19,"column":28},"end":{"line":31,"column":5}}},"4":{"name":"(anonymous_4)","decl":{"start":{"line":19,"column":28},"end":{"line":19,"column":33}},"loc":{"start":{"line":19,"column":38},"end":{"line":31,"column":5}}},"5":{"name":"(anonymous_5)","decl":{"start":{"line":26,"column":41},"end":{"line":26,"column":44}},"loc":{"start":{"line":26,"column":49},"end":{"line":26,"column":30}}}},"branchMap":{"0":{"loc":{"start":{"line":24,"column":6},"end":{"line":30,"column":7}},"type":"if","locations":[{"start":{"line":24,"column":6},"end":{"line":30,"column":7}},{"start":{"line":24,"column":6},"end":{"line":30,"column":7}}]},"1":{"loc":{"start":{"line":24,"column":10},"end":{"line":24,"column":16}},"type":"binary-expr","locations":[{"start":{"line":24,"column":10},"end":{"line":24,"column":16}},{"start":{"line":24,"column":20},"end":{"line":24,"column":10}},{"start":{"line":24,"column":45},"end":{"line":24,"column":6}}]}},"s":{"0":0,"1":0,"2":0,"3":0,"4":0,"5":0,"6":0,"7":0,"8":0,"9":0,"10":0,"11":0,"12":0,"13":0,"14":0,"15":0,"16":0},"f":{"0":0,"1":0,"2":0,"3":0,"4":0,"5":0},"b":{"0":[0,0],"1":[0,0,0]}}
,"/Users/hutao/Desktop/my/github/web-library/Vue/vue-study/src/store/store.js": {"path":"/Users/hutao/Desktop/my/github/web-library/Vue/vue-study/src/store/store.js","statementMap":{"0":{"start":{"line":1,"column":0},"end":{"line":null,"column":-1}},"1":{"start":{"line":2,"column":0},"end":{"line":null,"column":-1}},"2":{"start":{"line":4,"column":0},"end":{"line":null,"column":-1}},"3":{"start":{"line":12,"column":6},"end":{"line":null,"column":-1}},"4":{"start":{"line":17,"column":6},"end":{"line":null,"column":-1}},"5":{"start":{"line":22,"column":6},"end":{"line":null,"column":-1}},"6":{"start":{"line":23,"column":8},"end":{"line":null,"column":-1}}},"fnMap":{"0":{"name":"(anonymous_0)","decl":{"start":{"line":22,"column":17},"end":{"line":22,"column":22}},"loc":{"start":{"line":22,"column":23},"end":{"line":22,"column":16}}}},"branchMap":{"0":{"loc":{"start":{"line":11,"column":25},"end":{"line":11,"column":13}},"type":"default-arg","locations":[{"start":{"line":11,"column":25},"end":{"line":11,"column":13}}]}},"s":{"0":0,"1":0,"2":0,"3":0,"4":0,"5":0,"6":0},"f":{"0":0},"b":{"0":[0]}}
,"/Users/hutao/Desktop/my/github/web-library/Vue/vue-study/src/store/modules/permission.js": {"path":"/Users/hutao/Desktop/my/github/web-library/Vue/vue-study/src/store/modules/permission.js","statementMap":{"0":{"start":{"line":1,"column":0},"end":{"line":null,"column":-1}},"1":{"start":{"line":10,"column":2},"end":{"line":16,"column":3}},"2":{"start":{"line":12,"column":4},"end":{"line":null,"column":-1}},"3":{"start":{"line":12,"column":30},"end":{"line":12,"column":11}},"4":{"start":{"line":15,"column":4},"end":{"line":null,"column":-1}},"5":{"start":{"line":25,"column":14},"end":{"line":25,"column":2}},"6":{"start":{"line":27,"column":2},"end":{"line":null,"column":-1}},"7":{"start":{"line":29,"column":16},"end":{"line":29,"column":4}},"8":{"start":{"line":31,"column":4},"end":{"line":37,"column":5}},"9":{"start":{"line":33,"column":6},"end":{"line":35,"column":7}},"10":{"start":{"line":34,"column":8},"end":{"line":null,"column":-1}},"11":{"start":{"line":36,"column":6},"end":{"line":null,"column":-1}},"12":{"start":{"line":40,"column":2},"end":{"line":null,"column":-1}},"13":{"start":{"line":43,"column":14},"end":{"line":43,"column":0}},"14":{"start":{"line":48,"column":18},"end":{"line":48,"column":0}},"15":{"start":{"line":51,"column":4},"end":{"line":49,"column":33}},"16":{"start":{"line":53,"column":4},"end":{"line":null,"column":-1}},"17":{"start":{"line":57,"column":16},"end":{"line":57,"column":0}},"18":{"start":{"line":60,"column":4},"end":{"line":null,"column":-1}},"19":{"start":{"line":63,"column":6},"end":{"line":68,"column":7}},"20":{"start":{"line":64,"column":8},"end":{"line":null,"column":-1}},"21":{"start":{"line":67,"column":8},"end":{"line":null,"column":-1}},"22":{"start":{"line":69,"column":6},"end":{"line":null,"column":-1}},"23":{"start":{"line":70,"column":6},"end":{"line":null,"column":-1}}},"fnMap":{"0":{"name":"hasPermission","decl":{"start":{"line":8,"column":9},"end":{"line":8,"column":0}},"loc":{"start":{"line":8,"column":37},"end":{"line":17,"column":1}}},"1":{"name":"(anonymous_1)","decl":{"start":{"line":12,"column":22},"end":{"line":12,"column":25}},"loc":{"start":{"line":12,"column":30},"end":{"line":12,"column":11}}},"2":{"name":"filterAsyncRoutes","decl":{"start":{"line":24,"column":16},"end":{"line":24,"column":7}},"loc":{"start":{"line":24,"column":49},"end":{"line":41,"column":1}}},"3":{"name":"(anonymous_3)","decl":{"start":{"line":27,"column":17},"end":{"line":27,"column":21}},"loc":{"start":{"line":27,"column":26},"end":{"line":27,"column":2}}},"4":{"name":"(anonymous_4)","decl":{"start":{"line":49,"column":14},"end":{"line":49,"column":15}},"loc":{"start":{"line":49,"column":33},"end":{"line":54,"column":3}}},"5":{"name":"(anonymous_5)","decl":{"start":{"line":60,"column":23},"end":{"line":60,"column":29}},"loc":{"start":{"line":60,"column":34},"end":{"line":60,"column":11}}}},"branchMap":{"0":{"loc":{"start":{"line":10,"column":2},"end":{"line":16,"column":3}},"type":"if","locations":[{"start":{"line":10,"column":2},"end":{"line":16,"column":3}},{"start":{"line":10,"column":2},"end":{"line":16,"column":3}}]},"1":{"loc":{"start":{"line":10,"column":6},"end":{"line":10,"column":5}},"type":"binary-expr","locations":[{"start":{"line":10,"column":6},"end":{"line":10,"column":5}},{"start":{"line":10,"column":20},"end":{"line":10,"column":2}}]},"2":{"loc":{"start":{"line":31,"column":4},"end":{"line":37,"column":5}},"type":"if","locations":[{"start":{"line":31,"column":4},"end":{"line":37,"column":5}},{"start":{"line":31,"column":4},"end":{"line":37,"column":5}}]},"3":{"loc":{"start":{"line":33,"column":6},"end":{"line":35,"column":7}},"type":"if","locations":[{"start":{"line":33,"column":6},"end":{"line":35,"column":7}},{"start":{"line":33,"column":6},"end":{"line":35,"column":7}}]},"4":{"loc":{"start":{"line":63,"column":6},"end":{"line":68,"column":7}},"type":"if","locations":[{"start":{"line":63,"column":6},"end":{"line":68,"column":7}},{"start":{"line":63,"column":6},"end":{"line":68,"column":7}}]},"5":{"loc":{"start":{"line":64,"column":25},"end":{"line":64,"column":39}},"type":"binary-expr","locations":[{"start":{"line":64,"column":25},"end":{"line":64,"column":39}},{"start":{"line":64,"column":40},"end":{"line":64,"column":8}}]}},"s":{"0":0,"1":0,"2":0,"3":0,"4":0,"5":0,"6":0,"7":0,"8":0,"9":0,"10":0,"11":0,"12":0,"13":0,"14":0,"15":0,"16":0,"17":0,"18":0,"19":0,"20":0,"21":0,"22":0,"23":0},"f":{"0":0,"1":0,"2":0,"3":0,"4":0,"5":0},"b":{"0":[0,0],"1":[0,0],"2":[0,0],"3":[0,0],"4":[0,0],"5":[0,0]}}
,"/Users/hutao/Desktop/my/github/web-library/Vue/vue-study/src/store/modules/user.js": {"path":"/Users/hutao/Desktop/my/github/web-library/Vue/vue-study/src/store/modules/user.js","statementMap":{"0":{"start":{"line":1,"column":0},"end":{"line":null,"column":-1}},"1":{"start":{"line":2,"column":0},"end":{"line":null,"column":-1}},"2":{"start":{"line":5,"column":14},"end":{"line":5,"column":0}},"3":{"start":{"line":11,"column":18},"end":{"line":11,"column":0}},"4":{"start":{"line":13,"column":4},"end":{"line":null,"column":-1}},"5":{"start":{"line":16,"column":4},"end":{"line":null,"column":-1}},"6":{"start":{"line":20,"column":16},"end":{"line":20,"column":0}},"7":{"start":{"line":23,"column":4},"end":{"line":22,"column":30}},"8":{"start":{"line":24,"column":6},"end":{"line":23,"column":39}},"9":{"start":{"line":26,"column":6},"end":{"line":null,"column":-1}},"10":{"start":{"line":45,"column":4},"end":{"line":44,"column":22}},"11":{"start":{"line":46,"column":6},"end":{"line":null,"column":-1}},"12":{"start":{"line":47,"column":6},"end":{"line":null,"column":-1}},"13":{"start":{"line":60,"column":4},"end":{"line":null,"column":-1}},"14":{"start":{"line":61,"column":6},"end":{"line":null,"column":-1}},"15":{"start":{"line":62,"column":6},"end":{"line":null,"column":-1}},"16":{"start":{"line":63,"column":6},"end":{"line":null,"column":-1}},"17":{"start":{"line":64,"column":6},"end":{"line":64,"column":13}}},"fnMap":{"0":{"name":"(anonymous_0)","decl":{"start":{"line":12,"column":13},"end":{"line":12,"column":14}},"loc":{"start":{"line":12,"column":31},"end":{"line":11,"column":18}}},"1":{"name":"(anonymous_1)","decl":{"start":{"line":15,"column":13},"end":{"line":15,"column":14}},"loc":{"start":{"line":15,"column":31},"end":{"line":17,"column":3}}},"2":{"name":"(anonymous_2)","decl":{"start":{"line":23,"column":32},"end":{"line":23,"column":34}},"loc":{"start":{"line":23,"column":39},"end":{"line":23,"column":11}}},"3":{"name":"(anonymous_3)","decl":{"start":{"line":45,"column":26},"end":{"line":45,"column":27}},"loc":{"start":{"line":45,"column":47},"end":{"line":45,"column":11}}},"4":{"name":"(anonymous_4)","decl":{"start":{"line":60,"column":23},"end":{"line":60,"column":29}},"loc":{"start":{"line":60,"column":34},"end":{"line":60,"column":11}}}},"branchMap":{},"s":{"0":0,"1":0,"2":0,"3":0,"4":0,"5":0,"6":0,"7":0,"8":0,"9":0,"10":0,"11":0,"12":0,"13":0,"14":0,"15":0,"16":0,"17":0},"f":{"0":0,"1":0,"2":0,"3":0,"4":0},"b":{}}
,"/Users/hutao/Desktop/my/github/web-library/Vue/vue-study/src/utils/auth.js": {"path":"/Users/hutao/Desktop/my/github/web-library/Vue/vue-study/src/utils/auth.js","statementMap":{"0":{"start":{"line":1,"column":0},"end":{"line":null,"column":-1}},"1":{"start":{"line":3,"column":14},"end":{"line":3,"column":0}},"2":{"start":{"line":6,"column":2},"end":{"line":null,"column":-1}},"3":{"start":{"line":10,"column":2},"end":{"line":null,"column":-1}},"4":{"start":{"line":14,"column":2},"end":{"line":null,"column":-1}}},"fnMap":{"0":{"name":"getToken","decl":{"start":{"line":5,"column":16},"end":{"line":5,"column":7}},"loc":{"start":{"line":5,"column":27},"end":{"line":7,"column":1}}},"1":{"name":"setToken","decl":{"start":{"line":9,"column":16},"end":{"line":9,"column":7}},"loc":{"start":{"line":9,"column":32},"end":{"line":11,"column":1}}},"2":{"name":"removeToken","decl":{"start":{"line":13,"column":16},"end":{"line":13,"column":7}},"loc":{"start":{"line":13,"column":30},"end":{"line":15,"column":1}}}},"branchMap":{},"s":{"0":0,"1":0,"2":0,"3":0,"4":0},"f":{"0":0,"1":0,"2":0},"b":{}}
,"/Users/hutao/Desktop/my/github/web-library/Vue/vue-study/src/utils/create.js": {"path":"/Users/hutao/Desktop/my/github/web-library/Vue/vue-study/src/utils/create.js","statementMap":{"0":{"start":{"line":1,"column":0},"end":{"line":null,"column":-1}},"1":{"start":{"line":4,"column":13},"end":{"line":4,"column":2}},"2":{"start":{"line":6,"column":6},"end":{"line":null,"column":-1}},"3":{"start":{"line":11,"column":2},"end":{"line":3,"column":49}},"4":{"start":{"line":16,"column":15},"end":{"line":16,"column":2}},"5":{"start":{"line":17,"column":2},"end":{"line":null,"column":-1}},"6":{"start":{"line":18,"column":4},"end":{"line":null,"column":-1}},"7":{"start":{"line":19,"column":4},"end":{"line":null,"column":-1}},"8":{"start":{"line":22,"column":2},"end":{"line":null,"column":-1}}},"fnMap":{"0":{"name":"create","decl":{"start":{"line":3,"column":24},"end":{"line":3,"column":15}},"loc":{"start":{"line":3,"column":49},"end":{"line":23,"column":1}}},"1":{"name":"(anonymous_1)","decl":{"start":{"line":17,"column":16},"end":{"line":17,"column":26}},"loc":{"start":{"line":17,"column":27},"end":{"line":17,"column":2}}}},"branchMap":{},"s":{"0":0,"1":0,"2":0,"3":0,"4":0,"5":0,"6":0,"7":0,"8":0},"f":{"0":0,"1":0},"b":{}}
,"/Users/hutao/Desktop/my/github/web-library/Vue/vue-study/src/utils/request.js": {"path":"/Users/hutao/Desktop/my/github/web-library/Vue/vue-study/src/utils/request.js","statementMap":{"0":{"start":{"line":1,"column":0},"end":{"line":null,"column":-1}},"1":{"start":{"line":2,"column":0},"end":{"line":null,"column":-1}},"2":{"start":{"line":3,"column":0},"end":{"line":null,"column":-1}},"3":{"start":{"line":4,"column":0},"end":{"line":null,"column":-1}},"4":{"start":{"line":8,"column":16},"end":{"line":8,"column":0}},"5":{"start":{"line":20,"column":4},"end":{"line":23,"column":5}},"6":{"start":{"line":22,"column":6},"end":{"line":null,"column":-1}},"7":{"start":{"line":24,"column":4},"end":{"line":null,"column":-1}},"8":{"start":{"line":29,"column":4},"end":{"line":null,"column":-1}},"9":{"start":{"line":34,"column":0},"end":{"line":null,"column":-1}},"10":{"start":{"line":37,"column":16},"end":{"line":37,"column":4}},"11":{"start":{"line":38,"column":4},"end":{"line":61,"column":5}},"12":{"start":{"line":39,"column":6},"end":{"line":38,"column":24}},"13":{"start":{"line":46,"column":6},"end":{"line":57,"column":7}},"14":{"start":{"line":48,"column":8},"end":{"line":null,"column":-1}},"15":{"start":{"line":53,"column":10},"end":{"line":null,"column":-1}},"16":{"start":{"line":54,"column":12},"end":{"line":null,"column":-1}},"17":{"start":{"line":58,"column":6},"end":{"line":null,"column":-1}},"18":{"start":{"line":60,"column":6},"end":{"line":null,"column":-1}},"19":{"start":{"line":64,"column":4},"end":{"line":null,"column":-1}},"20":{"start":{"line":69,"column":4},"end":{"line":null,"column":-1}}},"fnMap":{"0":{"name":"(anonymous_0)","decl":{"start":{"line":17,"column":2},"end":{"line":17,"column":7}},"loc":{"start":{"line":17,"column":12},"end":{"line":16,"column":0}}},"1":{"name":"(anonymous_1)","decl":{"start":{"line":26,"column":2},"end":{"line":26,"column":6}},"loc":{"start":{"line":26,"column":11},"end":{"line":16,"column":0}}},"2":{"name":"(anonymous_2)","decl":{"start":{"line":35,"column":2},"end":{"line":35,"column":9}},"loc":{"start":{"line":35,"column":14},"end":{"line":34,"column":0}}},"3":{"name":"(anonymous_3)","decl":{"start":{"line":52,"column":16},"end":{"line":52,"column":21}},"loc":{"start":{"line":52,"column":22},"end":{"line":48,"column":8}}},"4":{"name":"(anonymous_4)","decl":{"start":{"line":53,"column":49},"end":{"line":53,"column":54}},"loc":{"start":{"line":53,"column":55},"end":{"line":53,"column":10}}},"5":{"name":"(anonymous_5)","decl":{"start":{"line":63,"column":2},"end":{"line":63,"column":6}},"loc":{"start":{"line":63,"column":11},"end":{"line":34,"column":0}}}},"branchMap":{"0":{"loc":{"start":{"line":20,"column":4},"end":{"line":23,"column":5}},"type":"if","locations":[{"start":{"line":20,"column":4},"end":{"line":23,"column":5}},{"start":{"line":20,"column":4},"end":{"line":23,"column":5}}]},"1":{"loc":{"start":{"line":38,"column":4},"end":{"line":61,"column":5}},"type":"if","locations":[{"start":{"line":38,"column":4},"end":{"line":61,"column":5}},{"start":{"line":38,"column":4},"end":{"line":61,"column":5}}]},"2":{"loc":{"start":{"line":40,"column":17},"end":{"line":40,"column":16}},"type":"binary-expr","locations":[{"start":{"line":40,"column":17},"end":{"line":40,"column":16}},{"start":{"line":40,"column":32},"end":{"line":39,"column":14}}]},"3":{"loc":{"start":{"line":46,"column":6},"end":{"line":57,"column":7}},"type":"if","locations":[{"start":{"line":46,"column":6},"end":{"line":57,"column":7}},{"start":{"line":46,"column":6},"end":{"line":57,"column":7}}]},"4":{"loc":{"start":{"line":58,"column":38},"end":{"line":58,"column":37}},"type":"binary-expr","locations":[{"start":{"line":58,"column":38},"end":{"line":58,"column":37}},{"start":{"line":58,"column":53},"end":{"line":58,"column":28}}]}},"s":{"0":0,"1":0,"2":0,"3":0,"4":0,"5":0,"6":0,"7":0,"8":0,"9":0,"10":0,"11":0,"12":0,"13":0,"14":0,"15":0,"16":0,"17":0,"18":0,"19":0,"20":0},"f":{"0":0,"1":0,"2":0,"3":0,"4":0,"5":0},"b":{"0":[0,0],"1":[0,0],"2":[0,0],"3":[0,0],"4":[0,0]}}
,"/Users/hutao/Desktop/my/github/web-library/Vue/vue-study/src/views/Detail.vue": {"path":"/Users/hutao/Desktop/my/github/web-library/Vue/vue-study/src/views/Detail.vue","statementMap":{"0":{"start":{"line":18,"column":0},"end":{"line":null,"column":-1}},"1":{"start":{"line":19,"column":0},"end":{"line":23,"column":0}},"2":{"start":{"line":22,"column":0},"end":{"line":null,"column":-1}}},"fnMap":{"0":{"name":"(anonymous_1)","decl":{"start":{"line":16,"column":0},"end":{"line":null,"column":-1}},"loc":{"start":{"line":16,"column":0},"end":{"line":24,"column":0}}}},"branchMap":{"0":{"loc":{"start":{"line":19,"column":0},"end":{"line":23,"column":0}},"type":"if","locations":[{"start":{"line":19,"column":0},"end":{"line":23,"column":0}},{"start":{"line":19,"column":0},"end":{"line":23,"column":0}}]}},"s":{"0":0,"1":0,"2":0},"f":{"0":0},"b":{"0":[0,0]}}
,"/Users/hutao/Desktop/my/github/web-library/Vue/vue-study/src/views/Home.vue": {"path":"/Users/hutao/Desktop/my/github/web-library/Vue/vue-study/src/views/Home.vue","statementMap":{"0":{"start":{"line":36,"column":0},"end":{"line":null,"column":-1}},"1":{"start":{"line":42,"column":0},"end":{"line":null,"column":-1}}},"fnMap":{},"branchMap":{},"s":{"0":0,"1":0},"f":{},"b":{}}
,"/Users/hutao/Desktop/my/github/web-library/Vue/vue-study/src/views/List.vue": {"path":"/Users/hutao/Desktop/my/github/web-library/Vue/vue-study/src/views/List.vue","statementMap":{"0":{"start":{"line":16,"column":0},"end":{"line":null,"column":-1}}},"fnMap":{},"branchMap":{},"s":{"0":0},"f":{},"b":{}}
,"/Users/hutao/Desktop/my/github/web-library/Vue/vue-study/src/views/Login.vue": {"path":"/Users/hutao/Desktop/my/github/web-library/Vue/vue-study/src/views/Login.vue","statementMap":{"0":{"start":{"line":13,"column":0},"end":{"line":null,"column":-1}},"1":{"start":{"line":20,"column":0},"end":{"line":30,"column":0}},"2":{"start":{"line":24,"column":0},"end":{"line":null,"column":-1}}},"fnMap":{"0":{"name":"(anonymous_1)","decl":{"start":{"line":21,"column":0},"end":{"line":null,"column":-1}},"loc":{"start":{"line":21,"column":0},"end":{"line":27,"column":0}}},"1":{"name":"(anonymous_2)","decl":{"start":{"line":27,"column":0},"end":{"line":null,"column":-1}},"loc":{"start":{"line":27,"column":0},"end":{"line":30,"column":0}}}},"branchMap":{"0":{"loc":{"start":{"line":25,"column":0},"end":{"line":null,"column":-1}},"type":"binary-expr","locations":[{"start":{"line":25,"column":0},"end":{"line":null,"column":-1}},{"start":{"line":25,"column":0},"end":{"line":null,"column":-1}}]}},"s":{"0":0,"1":0,"2":0},"f":{"0":0,"1":0},"b":{"0":[0,0]}}
}
