TN:
SF:/Users/hutao/Desktop/my/github/web-library/Vue/vue-study/src/hrouter.js
FN:6,(anonymous_0)
FN:27,(anonymous_1)
FN:16,(anonymous_2)
FN:22,(anonymous_3)
FN:31,(anonymous_4)
FN:32,(anonymous_5)
FN:37,(anonymous_6)
FN:58,(anonymous_7)
FN:66,(anonymous_8)
FNF:9
FNH:0
FNDA:0,(anonymous_0)
FNDA:0,(anonymous_1)
FNDA:0,(anonymous_2)
FNDA:0,(anonymous_3)
FNDA:0,(anonymous_4)
FNDA:0,(anonymous_5)
FNDA:0,(anonymous_6)
FNDA:0,(anonymous_7)
FNDA:0,(anonymous_8)
DA:1,0
DA:2,0
DA:3,0
DA:6,0
DA:7,0
DA:8,0
DA:10,0
DA:17,0
DA:18,0
DA:19,0
DA:23,0
DA:24,0
DA:28,0
DA:32,0
DA:33,0
DA:39,0
DA:44,0
DA:57,0
DA:59,0
DA:60,0
DA:66,0
DA:68,0
DA:71,0
DA:73,0
DA:74,0
DA:80,0
LF:26
LH:0
BRDA:28,0,0,0
BRDA:28,0,1,0
BRDA:71,1,0,0
BRDA:71,1,1,0
BRF:4
BRH:0
end_of_record
TN:
SF:/Users/hutao/Desktop/my/github/web-library/Vue/vue-study/src/hstore.js
FN:22,(anonymous_0)
FNF:1
FNH:0
FNDA:0,(anonymous_0)
DA:1,0
DA:2,0
DA:4,0
DA:12,0
DA:17,0
DA:22,0
DA:23,0
LF:7
LH:0
BRDA:11,0,0,0
BRF:1
BRH:0
end_of_record
TN:
SF:/Users/hutao/Desktop/my/github/web-library/Vue/vue-study/src/hvuex.js
FN:4,(anonymous_0)
FN:14,(anonymous_1)
FN:18,(anonymous_2)
FN:28,(anonymous_3)
FN:30,(anonymous_4)
FN:32,(anonymous_5)
FN:40,install
FNF:7
FNH:0
FNDA:0,(anonymous_0)
FNDA:0,(anonymous_1)
FNDA:0,(anonymous_2)
FNDA:0,(anonymous_3)
FNDA:0,(anonymous_4)
FNDA:0,(anonymous_5)
FNDA:0,install
DA:4,0
DA:5,0
DA:9,0
DA:10,0
DA:11,0
DA:15,0
DA:19,0
DA:29,0
DA:30,0
DA:31,0
DA:33,0
DA:41,0
DA:42,0
DA:44,0
DA:45,0
LF:15
LH:0
BRDA:11,0,0,0
BRDA:11,0,1,0
BRDA:44,1,0,0
BRDA:44,1,1,0
BRF:4
BRH:0
end_of_record
TN:
SF:/Users/hutao/Desktop/my/github/web-library/Vue/vue-study/src/main.js
FN:78,(anonymous_0)
FNF:1
FNH:0
FNDA:0,(anonymous_0)
DA:1,0
DA:2,0
DA:4,0
DA:5,0
DA:6,0
DA:11,0
DA:15,0
DA:18,0
DA:21,0
DA:22,0
DA:75,0
DA:78,0
LF:12
LH:0
BRF:0
BRH:0
end_of_record
TN:
SF:/Users/hutao/Desktop/my/github/web-library/Vue/vue-study/src/permission.js
FN:8,(anonymous_0)
FNF:1
FNH:0
FNDA:0,(anonymous_0)
DA:1,0
DA:2,0
DA:3,0
DA:4,0
DA:6,0
DA:8,0
DA:10,0
DA:12,0
DA:13,0
DA:15,0
DA:18,0
DA:19,0
DA:20,0
DA:22,0
DA:24,0
DA:26,0
DA:31,0
DA:34,0
DA:37,0
DA:38,0
DA:39,0
DA:45,0
DA:47,0
DA:50,0
LF:24
LH:0
BRDA:12,0,0,0
BRDA:12,0,1,0
BRDA:13,1,0,0
BRDA:13,1,1,0
BRDA:18,2,0,0
BRDA:18,2,1,0
BRDA:19,3,0,0
BRDA:19,3,1,0
BRDA:38,4,0,0
BRDA:38,4,1,0
BRDA:45,5,0,0
BRDA:45,5,1,0
BRF:12
BRH:0
end_of_record
TN:
SF:/Users/hutao/Desktop/my/github/web-library/Vue/vue-study/src/api/user.js
FN:3,login
FN:11,getInfo
FNF:2
FNH:0
FNDA:0,login
FNDA:0,getInfo
DA:1,0
DA:4,0
DA:12,0
LF:3
LH:0
BRF:0
BRH:0
end_of_record
TN:
SF:/Users/hutao/Desktop/my/github/web-library/Vue/vue-study/src/components/Breadcrumb.vue
FN:35,(anonymous_1)
FNF:1
FNH:0
FNDA:0,(anonymous_1)
DA:15,0
DA:18,0
DA:25,0
DA:35,0
DA:39,0
DA:41,0
DA:42,0
DA:46,0
DA:49,0
DA:50,0
DA:51,0
DA:53,0
DA:56,0
DA:57,0
DA:58,0
DA:61,0
DA:62,0
DA:63,0
DA:64,0
DA:66,0
LF:20
LH:0
BRDA:35,0,0,0
BRDA:35,0,1,0
BRDA:35,0,2,0
BRDA:41,1,0,0
BRDA:41,1,1,0
BRDA:49,2,0,0
BRDA:49,2,1,0
BRDA:50,3,0,0
BRDA:50,3,1,0
BRDA:62,4,0,0
BRDA:62,4,1,0
BRF:11
BRH:0
end_of_record
TN:
SF:/Users/hutao/Desktop/my/github/web-library/Vue/vue-study/src/components/TestComp.vue
FNF:0
FNH:0
DA:10,3
DA:15,2
DA:19,1
LF:3
LH:3
BRF:0
BRH:0
end_of_record
TN:
SF:/Users/hutao/Desktop/my/github/web-library/Vue/vue-study/src/components/communicate/Child1.vue
FN:34,(anonymous_1)
FN:37,(anonymous_2)
FNF:2
FNH:0
FNDA:0,(anonymous_1)
FNDA:0,(anonymous_2)
DA:13,0
DA:14,0
DA:20,0
DA:30,0
DA:34,0
DA:35,0
DA:37,0
DA:38,0
LF:8
LH:0
BRF:0
BRH:0
end_of_record
TN:
SF:/Users/hutao/Desktop/my/github/web-library/Vue/vue-study/src/components/communicate/Child2.vue
FN:29,(anonymous_1)
FNF:1
FNH:0
FNDA:0,(anonymous_1)
DA:10,0
DA:16,0
DA:25,0
DA:29,0
DA:30,0
LF:5
LH:0
BRF:0
BRH:0
end_of_record
TN:
SF:/Users/hutao/Desktop/my/github/web-library/Vue/vue-study/src/components/communicate/GrandChild1.vue
FN:19,(anonymous_1)
FN:22,(anonymous_2)
FN:25,(anonymous_3)
FNF:3
FNH:0
FNDA:0,(anonymous_1)
FNDA:0,(anonymous_2)
FNDA:0,(anonymous_3)
DA:13,0
DA:19,0
DA:20,0
DA:22,0
DA:23,0
DA:25,0
DA:26,0
LF:7
LH:0
BRF:0
BRH:0
end_of_record
TN:
SF:/Users/hutao/Desktop/my/github/web-library/Vue/vue-study/src/components/communicate/GrandChild2.vue
FN:34,(anonymous_1)
FN:37,(anonymous_2)
FNF:2
FNH:0
FNDA:0,(anonymous_1)
FNDA:0,(anonymous_2)
DA:15,0
DA:23,0
DA:29,0
DA:34,0
DA:35,0
DA:37,0
DA:38,0
LF:7
LH:0
BRF:0
BRH:0
end_of_record
TN:
SF:/Users/hutao/Desktop/my/github/web-library/Vue/vue-study/src/components/communicate/GrandGrandChild1.vue
FN:20,(anonymous_1)
FN:23,(anonymous_2)
FNF:2
FNH:0
FNDA:0,(anonymous_1)
FNDA:0,(anonymous_2)
DA:15,0
DA:20,0
DA:21,0
DA:23,0
DA:24,0
LF:5
LH:0
BRF:0
BRH:0
end_of_record
TN:
SF:/Users/hutao/Desktop/my/github/web-library/Vue/vue-study/src/components/communicate/index.vue
FN:31,(anonymous_1)
FN:34,(anonymous_2)
FNF:2
FNH:0
FNDA:0,(anonymous_1)
FNDA:0,(anonymous_2)
DA:11,0
DA:12,0
DA:19,0
DA:26,0
DA:31,0
DA:32,0
DA:34,0
DA:35,0
LF:8
LH:0
BRF:0
BRH:0
end_of_record
TN:
SF:/Users/hutao/Desktop/my/github/web-library/Vue/vue-study/src/components/form/Form.vue
FN:25,(anonymous_1)
FN:30,(anonymous_3)
FNF:2
FNH:0
FNDA:0,(anonymous_1)
FNDA:0,(anonymous_3)
DA:10,0
DA:25,0
DA:30,0
LF:3
LH:0
BRF:0
BRH:0
end_of_record
TN:
SF:/Users/hutao/Desktop/my/github/web-library/Vue/vue-study/src/components/form/FormItem.vue
FN:28,(anonymous_1)
FN:42,(anonymous_2)
FNF:2
FNH:0
FNDA:0,(anonymous_1)
FNDA:0,(anonymous_2)
DA:10,0
DA:23,0
DA:28,0
DA:29,0
DA:35,0
DA:36,0
DA:38,0
DA:39,0
DA:42,0
DA:43,0
DA:44,0
DA:46,0
LF:12
LH:0
BRDA:43,0,0,0
BRDA:43,0,1,0
BRF:2
BRH:0
end_of_record
TN:
SF:/Users/hutao/Desktop/my/github/web-library/Vue/vue-study/src/components/form/Input.vue
FNF:0
FNH:0
DA:18,0
DA:19,0
DA:20,0
DA:21,0
DA:23,0
LF:5
LH:0
BRF:0
BRH:0
end_of_record
TN:
SF:/Users/hutao/Desktop/my/github/web-library/Vue/vue-study/src/components/form/Test.vue
FN:44,(anonymous_1)
FNF:1
FNH:0
FNDA:0,(anonymous_1)
DA:21,0
DA:22,0
DA:23,0
DA:25,0
DA:34,0
DA:44,0
DA:45,0
DA:50,0
LF:8
LH:0
BRDA:47,0,0,0
BRDA:47,0,1,0
BRF:2
BRH:0
end_of_record
TN:
SF:/Users/hutao/Desktop/my/github/web-library/Vue/vue-study/src/components/recursion/index.vue
FNF:0
FNH:0
DA:6,0
DA:12,0
LF:2
LH:0
BRF:0
BRH:0
end_of_record
TN:
SF:/Users/hutao/Desktop/my/github/web-library/Vue/vue-study/src/components/sidebar/Item.vue
FNF:0
FNH:0
DA:16,0
DA:17,0
DA:20,0
DA:22,0
DA:25,0
DA:26,0
DA:28,0
LF:7
LH:0
BRDA:20,0,0,0
BRDA:20,0,1,0
BRDA:25,1,0,0
BRDA:25,1,1,0
BRF:4
BRH:0
end_of_record
TN:
SF:/Users/hutao/Desktop/my/github/web-library/Vue/vue-study/src/components/sidebar/SidebarItem.vue
FN:66,(anonymous_1)
FNF:1
FNH:0
FNDA:0,(anonymous_1)
DA:39,0
DA:40,0
DA:61,0
DA:62,0
DA:66,0
DA:67,0
DA:68,0
DA:71,0
DA:72,0
DA:77,0
DA:78,0
DA:82,0
DA:83,0
DA:84,0
DA:87,0
DA:90,0
LF:16
LH:0
BRDA:65,0,0,0
BRDA:67,1,0,0
BRDA:67,1,1,0
BRDA:77,2,0,0
BRDA:77,2,1,0
BRDA:82,3,0,0
BRDA:82,3,1,0
BRF:7
BRH:0
end_of_record
TN:
SF:/Users/hutao/Desktop/my/github/web-library/Vue/vue-study/src/components/sidebar/index.vue
FNF:0
FNH:0
DA:25,0
DA:26,0
DA:33,0
DA:34,0
DA:36,0
DA:37,0
DA:39,0
DA:42,0
LF:8
LH:0
BRDA:36,0,0,0
BRDA:36,0,1,0
BRF:2
BRH:0
end_of_record
TN:
SF:/Users/hutao/Desktop/my/github/web-library/Vue/vue-study/src/components/slots/Comp3.vue
FNF:0
FNH:0
DA:11,0
LF:1
LH:0
BRF:0
BRH:0
end_of_record
TN:
SF:/Users/hutao/Desktop/my/github/web-library/Vue/vue-study/src/components/slots/index.vue
FNF:0
FNH:0
DA:18,0
DA:19,0
DA:20,0
LF:3
LH:0
BRF:0
BRH:0
end_of_record
TN:
SF:/Users/hutao/Desktop/my/github/web-library/Vue/vue-study/src/components/svg-icon/index.vue
FNF:0
FNH:0
DA:22,0
DA:25,0
DA:26,0
DA:28,0
LF:4
LH:0
BRDA:25,0,0,0
BRDA:25,0,1,0
BRF:2
BRH:0
end_of_record
TN:
SF:/Users/hutao/Desktop/my/github/web-library/Vue/vue-study/src/components/toast/index.vue
FNF:0
FNH:0
DA:25,0
DA:31,0
DA:32,0
DA:35,0
DA:36,0
LF:5
LH:0
BRF:0
BRH:0
end_of_record
TN:
SF:/Users/hutao/Desktop/my/github/web-library/Vue/vue-study/src/components/tree/Item.vue
FNF:0
FNH:0
DA:23,0
DA:29,0
DA:34,0
DA:35,0
LF:4
LH:0
BRDA:29,0,0,0
BRDA:29,0,1,0
BRDA:34,1,0,0
BRDA:34,1,1,0
BRF:4
BRH:0
end_of_record
TN:
SF:/Users/hutao/Desktop/my/github/web-library/Vue/vue-study/src/components/tree/index.vue
FNF:0
FNH:0
DA:10,0
DA:14,0
LF:2
LH:0
BRF:0
BRH:0
end_of_record
TN:
SF:/Users/hutao/Desktop/my/github/web-library/Vue/vue-study/src/directive/premission.js
FN:18,(anonymous_0)
FNF:1
FNH:0
FNDA:0,(anonymous_0)
DA:1,0
DA:3,0
DA:13,0
DA:15,0
DA:16,0
DA:18,0
DA:19,0
DA:21,0
DA:24,0
LF:9
LH:0
BRDA:15,0,0,0
BRDA:15,0,1,0
BRDA:16,1,0,0
BRDA:16,1,1,0
BRDA:16,2,0,0
BRDA:16,2,1,0
BRDA:16,2,2,0
BRDA:19,3,0,0
BRDA:19,3,1,0
BRDA:21,4,0,0
BRDA:21,4,1,0
BRF:11
BRH:0
end_of_record
TN:
SF:/Users/hutao/Desktop/my/github/web-library/Vue/vue-study/src/icons/index.js
FNF:0
FNH:0
DA:1,0
DA:2,0
DA:8,0
DA:10,0
LF:4
LH:0
BRF:0
BRH:0
end_of_record
TN:
SF:/Users/hutao/Desktop/my/github/web-library/Vue/vue-study/src/kvue/kvue.js
FN:4,(anonymous_0)
FN:24,(anonymous_1)
FN:29,(anonymous_2)
FN:36,(anonymous_3)
FN:57,(anonymous_4)
FN:73,(anonymous_5)
FN:78,(anonymous_6)
FN:82,(anonymous_7)
FN:83,(anonymous_8)
FN:89,(anonymous_9)
FN:99,(anonymous_10)
FN:108,(anonymous_11)
FN:122,(anonymous_12)
FN:131,(anonymous_13)
FN:133,(anonymous_14)
FN:152,(anonymous_15)
FN:156,(anonymous_16)
FN:161,(anonymous_17)
FN:179,(anonymous_18)
FN:183,(anonymous_19)
FN:187,(anonymous_20)
FN:192,(anonymous_21)
FN:197,(anonymous_22)
FN:202,(anonymous_23)
FN:207,(anonymous_24)
FN:213,(anonymous_25)
FN:220,(anonymous_26)
FN:225,(anonymous_27)
FN:229,(anonymous_28)
FN:233,(anonymous_29)
FN:238,(anonymous_30)
FNF:31
FNH:0
FNDA:0,(anonymous_0)
FNDA:0,(anonymous_1)
FNDA:0,(anonymous_2)
FNDA:0,(anonymous_3)
FNDA:0,(anonymous_4)
FNDA:0,(anonymous_5)
FNDA:0,(anonymous_6)
FNDA:0,(anonymous_7)
FNDA:0,(anonymous_8)
FNDA:0,(anonymous_9)
FNDA:0,(anonymous_10)
FNDA:0,(anonymous_11)
FNDA:0,(anonymous_12)
FNDA:0,(anonymous_13)
FNDA:0,(anonymous_14)
FNDA:0,(anonymous_15)
FNDA:0,(anonymous_16)
FNDA:0,(anonymous_17)
FNDA:0,(anonymous_18)
FNDA:0,(anonymous_19)
FNDA:0,(anonymous_20)
FNDA:0,(anonymous_21)
FNDA:0,(anonymous_22)
FNDA:0,(anonymous_23)
FNDA:0,(anonymous_24)
FNDA:0,(anonymous_25)
FNDA:0,(anonymous_26)
FNDA:0,(anonymous_27)
FNDA:0,(anonymous_28)
FNDA:0,(anonymous_29)
FNDA:0,(anonymous_30)
DA:5,0
DA:6,0
DA:7,0
DA:9,0
DA:13,0
DA:15,0
DA:18,0
DA:19,0
DA:25,0
DA:26,0
DA:29,0
DA:30,0
DA:32,0
DA:37,0
DA:39,0
DA:42,0
DA:43,0
DA:46,0
DA:47,0
DA:48,0
DA:54,0
DA:58,0
DA:60,0
DA:63,0
DA:69,0
DA:74,0
DA:75,0
DA:79,0
DA:83,0
DA:90,0
DA:91,0
DA:92,0
DA:94,0
DA:95,0
DA:96,0
DA:101,0
DA:109,0
DA:110,0
DA:111,0
DA:113,0
DA:115,0
DA:117,0
DA:123,0
DA:125,0
DA:126,0
DA:128,0
DA:132,0
DA:133,0
DA:135,0
DA:137,0
DA:138,0
DA:139,0
DA:141,0
DA:142,0
DA:146,0
DA:147,0
DA:153,0
DA:160,0
DA:161,0
DA:162,0
DA:163,0
DA:165,0
DA:166,0
DA:168,0
DA:171,0
DA:172,0
DA:173,0
DA:180,0
DA:184,0
DA:188,0
DA:193,0
DA:198,0
DA:204,0
DA:207,0
DA:208,0
DA:214,0
DA:215,0
DA:217,0
DA:220,0
DA:221,0
DA:226,0
DA:230,0
DA:234,0
DA:239,0
DA:240,0
DA:241,0
LF:86
LH:0
BRDA:6,0,0,0
BRDA:6,0,1,0
BRDA:18,1,0,0
BRDA:18,1,1,0
BRDA:25,2,0,0
BRDA:25,2,1,0
BRDA:25,3,0,0
BRDA:25,3,1,0
BRDA:42,4,0,0
BRDA:42,4,1,0
BRDA:46,5,0,0
BRDA:46,5,1,0
BRDA:111,6,0,0
BRDA:111,6,1,0
BRDA:135,7,0,0
BRDA:135,7,1,0
BRDA:139,8,0,0
BRDA:139,8,1,0
BRDA:146,9,0,0
BRDA:146,9,1,0
BRDA:146,10,0,0
BRDA:146,10,1,0
BRDA:153,11,0,0
BRDA:153,11,1,0
BRDA:165,12,0,0
BRDA:165,12,1,0
BRDA:168,13,0,0
BRDA:168,13,1,0
BRDA:171,14,0,0
BRDA:171,14,1,0
BRDA:217,15,0,0
BRDA:217,15,1,0
BRDA:221,16,0,0
BRDA:221,16,1,0
BRDA:239,17,0,0
BRDA:239,17,1,0
BRDA:240,18,0,0
BRDA:240,18,1,0
BRDA:240,19,0,0
BRDA:240,19,1,0
BRF:40
BRH:0
end_of_record
TN:
SF:/Users/hutao/Desktop/my/github/web-library/Vue/vue-study/src/layout/index.vue
FN:40,(anonymous_1)
FNF:1
FNH:0
FNDA:0,(anonymous_1)
DA:27,0
DA:28,0
DA:29,0
DA:39,0
DA:40,0
DA:41,0
LF:6
LH:0
BRDA:39,0,0,0
BRDA:39,0,1,0
BRF:2
BRH:0
end_of_record
TN:
SF:/Users/hutao/Desktop/my/github/web-library/Vue/vue-study/src/router/index.js
FN:11,(anonymous_0)
FN:23,(anonymous_2)
FN:33,(anonymous_4)
FN:55,(anonymous_6)
FN:65,(anonymous_8)
FNF:5
FNH:0
FNDA:0,(anonymous_0)
FNDA:0,(anonymous_2)
FNDA:0,(anonymous_4)
FNDA:0,(anonymous_6)
FNDA:0,(anonymous_8)
DA:1,0
DA:2,0
DA:3,0
DA:8,0
DA:11,0
DA:23,0
DA:33,0
DA:46,0
DA:55,0
DA:65,0
LF:10
LH:0
BRF:0
BRH:0
end_of_record
TN:
SF:/Users/hutao/Desktop/my/github/web-library/Vue/vue-study/src/router/router.js
FN:23,(anonymous_0)
FN:41,(anonymous_1)
FN:43,(anonymous_3)
FN:59,(anonymous_4)
FNF:4
FNH:0
FNDA:0,(anonymous_0)
FNDA:0,(anonymous_1)
FNDA:0,(anonymous_3)
FNDA:0,(anonymous_4)
DA:1,0
DA:2,0
DA:3,0
DA:4,0
DA:5,0
DA:7,0
DA:9,0
DA:23,0
DA:41,0
DA:44,0
DA:45,0
DA:51,0
DA:59,0
DA:60,0
DA:62,0
DA:63,0
DA:64,0
DA:65,0
DA:67,0
DA:70,0
LF:20
LH:0
BRDA:62,0,0,0
BRDA:62,0,1,0
BRDA:62,1,0,0
BRDA:62,1,1,0
BRDA:63,2,0,0
BRDA:63,2,1,0
BRF:6
BRH:0
end_of_record
TN:
SF:/Users/hutao/Desktop/my/github/web-library/Vue/vue-study/src/server/index.js
FN:10,(anonymous_0)
FN:25,(anonymous_1)
FNF:2
FNH:0
FNDA:0,(anonymous_0)
FNDA:0,(anonymous_1)
DA:1,0
DA:2,0
DA:3,0
DA:4,0
DA:5,0
DA:10,0
DA:11,0
DA:12,0
DA:13,0
DA:18,0
DA:25,0
DA:27,0
DA:28,0
DA:34,0
LF:14
LH:0
BRDA:12,0,0,0
BRDA:12,0,1,0
BRDA:12,1,0,0
BRDA:12,1,1,0
BRDA:27,2,0,0
BRDA:27,2,1,0
BRF:6
BRH:0
end_of_record
TN:
SF:/Users/hutao/Desktop/my/github/web-library/Vue/vue-study/src/store/index.js
FN:13,(anonymous_0)
FN:15,(anonymous_1)
FN:17,(anonymous_2)
FN:19,(anonymous_3)
FN:19,(anonymous_4)
FN:26,(anonymous_5)
FNF:6
FNH:0
FNDA:0,(anonymous_0)
FNDA:0,(anonymous_1)
FNDA:0,(anonymous_2)
FNDA:0,(anonymous_3)
FNDA:0,(anonymous_4)
FNDA:0,(anonymous_5)
DA:1,0
DA:2,0
DA:3,0
DA:4,0
DA:6,0
DA:8,0
DA:13,0
DA:15,0
DA:17,0
DA:19,0
DA:20,0
DA:22,0
DA:24,0
DA:26,0
DA:27,0
DA:29,0
LF:16
LH:0
BRDA:24,0,0,0
BRDA:24,0,1,0
BRDA:24,1,0,0
BRDA:24,1,1,0
BRDA:24,1,2,0
BRF:5
BRH:0
end_of_record
TN:
SF:/Users/hutao/Desktop/my/github/web-library/Vue/vue-study/src/store/store.js
FN:22,(anonymous_0)
FNF:1
FNH:0
FNDA:0,(anonymous_0)
DA:1,0
DA:2,0
DA:4,0
DA:12,0
DA:17,0
DA:22,0
DA:23,0
LF:7
LH:0
BRDA:11,0,0,0
BRF:1
BRH:0
end_of_record
TN:
SF:/Users/hutao/Desktop/my/github/web-library/Vue/vue-study/src/store/modules/permission.js
FN:8,hasPermission
FN:12,(anonymous_1)
FN:24,filterAsyncRoutes
FN:27,(anonymous_3)
FN:49,(anonymous_4)
FN:60,(anonymous_5)
FNF:6
FNH:0
FNDA:0,hasPermission
FNDA:0,(anonymous_1)
FNDA:0,filterAsyncRoutes
FNDA:0,(anonymous_3)
FNDA:0,(anonymous_4)
FNDA:0,(anonymous_5)
DA:1,0
DA:10,0
DA:12,0
DA:15,0
DA:25,0
DA:27,0
DA:29,0
DA:31,0
DA:33,0
DA:34,0
DA:36,0
DA:40,0
DA:43,0
DA:48,0
DA:51,0
DA:53,0
DA:57,0
DA:60,0
DA:63,0
DA:64,0
DA:67,0
DA:69,0
DA:70,0
LF:23
LH:0
BRDA:10,0,0,0
BRDA:10,0,1,0
BRDA:10,1,0,0
BRDA:10,1,1,0
BRDA:31,2,0,0
BRDA:31,2,1,0
BRDA:33,3,0,0
BRDA:33,3,1,0
BRDA:63,4,0,0
BRDA:63,4,1,0
BRDA:64,5,0,0
BRDA:64,5,1,0
BRF:12
BRH:0
end_of_record
TN:
SF:/Users/hutao/Desktop/my/github/web-library/Vue/vue-study/src/store/modules/user.js
FN:12,(anonymous_0)
FN:15,(anonymous_1)
FN:23,(anonymous_2)
FN:45,(anonymous_3)
FN:60,(anonymous_4)
FNF:5
FNH:0
FNDA:0,(anonymous_0)
FNDA:0,(anonymous_1)
FNDA:0,(anonymous_2)
FNDA:0,(anonymous_3)
FNDA:0,(anonymous_4)
DA:1,0
DA:2,0
DA:5,0
DA:11,0
DA:13,0
DA:16,0
DA:20,0
DA:23,0
DA:24,0
DA:26,0
DA:45,0
DA:46,0
DA:47,0
DA:60,0
DA:61,0
DA:62,0
DA:63,0
DA:64,0
LF:18
LH:0
BRF:0
BRH:0
end_of_record
TN:
SF:/Users/hutao/Desktop/my/github/web-library/Vue/vue-study/src/utils/auth.js
FN:5,getToken
FN:9,setToken
FN:13,removeToken
FNF:3
FNH:0
FNDA:0,getToken
FNDA:0,setToken
FNDA:0,removeToken
DA:1,0
DA:3,0
DA:6,0
DA:10,0
DA:14,0
LF:5
LH:0
BRF:0
BRH:0
end_of_record
TN:
SF:/Users/hutao/Desktop/my/github/web-library/Vue/vue-study/src/utils/create.js
FN:3,create
FN:17,(anonymous_1)
FNF:2
FNH:0
FNDA:0,create
FNDA:0,(anonymous_1)
DA:1,0
DA:4,0
DA:6,0
DA:11,0
DA:16,0
DA:17,0
DA:18,0
DA:19,0
DA:22,0
LF:9
LH:0
BRF:0
BRH:0
end_of_record
TN:
SF:/Users/hutao/Desktop/my/github/web-library/Vue/vue-study/src/utils/request.js
FN:17,(anonymous_0)
FN:26,(anonymous_1)
FN:35,(anonymous_2)
FN:52,(anonymous_3)
FN:53,(anonymous_4)
FN:63,(anonymous_5)
FNF:6
FNH:0
FNDA:0,(anonymous_0)
FNDA:0,(anonymous_1)
FNDA:0,(anonymous_2)
FNDA:0,(anonymous_3)
FNDA:0,(anonymous_4)
FNDA:0,(anonymous_5)
DA:1,0
DA:2,0
DA:3,0
DA:4,0
DA:8,0
DA:20,0
DA:22,0
DA:24,0
DA:29,0
DA:34,0
DA:37,0
DA:38,0
DA:39,0
DA:46,0
DA:48,0
DA:53,0
DA:54,0
DA:58,0
DA:60,0
DA:64,0
DA:69,0
LF:21
LH:0
BRDA:20,0,0,0
BRDA:20,0,1,0
BRDA:38,1,0,0
BRDA:38,1,1,0
BRDA:40,2,0,0
BRDA:40,2,1,0
BRDA:46,3,0,0
BRDA:46,3,1,0
BRDA:58,4,0,0
BRDA:58,4,1,0
BRF:10
BRH:0
end_of_record
TN:
SF:/Users/hutao/Desktop/my/github/web-library/Vue/vue-study/src/views/Detail.vue
FN:16,(anonymous_1)
FNF:1
FNH:0
FNDA:0,(anonymous_1)
DA:18,0
DA:19,0
DA:22,0
LF:3
LH:0
BRDA:19,0,0,0
BRDA:19,0,1,0
BRF:2
BRH:0
end_of_record
TN:
SF:/Users/hutao/Desktop/my/github/web-library/Vue/vue-study/src/views/Home.vue
FNF:0
FNH:0
DA:36,0
DA:42,0
LF:2
LH:0
BRF:0
BRH:0
end_of_record
TN:
SF:/Users/hutao/Desktop/my/github/web-library/Vue/vue-study/src/views/List.vue
FNF:0
FNH:0
DA:16,0
LF:1
LH:0
BRF:0
BRH:0
end_of_record
TN:
SF:/Users/hutao/Desktop/my/github/web-library/Vue/vue-study/src/views/Login.vue
FN:21,(anonymous_1)
FN:27,(anonymous_2)
FNF:2
FNH:0
FNDA:0,(anonymous_1)
FNDA:0,(anonymous_2)
DA:13,0
DA:20,0
DA:24,0
LF:3
LH:0
BRDA:25,0,0,0
BRDA:25,0,1,0
BRF:2
BRH:0
end_of_record
